20140101 15 10 14 
20140102 0 10 0 
20140103 0 10 0 
20140104 0 10 0 
20140105 0 10 0 
20140106 0 10 0 
20140107 0 10 0 
20140108 15 10 14 
20140109 52 10 51 
20140110 0 10 0 
20140111 0 10 0 
20140112 0 10 0 
20140113 0 10 0 
20140114 70 10 69 
20140115 54 10 53 
20140116 0 10 0 
20140117 92 10 91 
20140118 48 10 46 
20140119 0 10 0 
20140120 0 10 0 
20140121 0 10 0 
20140122 0 10 0 
20140123 72 10 70 
20140124 39 10 37 
20140125 0 10 0 
20140126 0 10 0 
20140127 0 10 0 
20140128 0 10 0 
20140129 0 10 0 
20140130 52 10 48 
20140131 30 10 28 
20140201 36 10 34 
20140202 36 10 34 
20140203 0 10 0 
20140204 22 10 21 
20140205 88 10 86 
20140206 124 10 116 
20140207 0 10 0 
20140208 0 10 0 
20140209 0 10 0 
20140210 0 10 0 
20140211 0 10 0 
20140212 16 10 16 
20140213 108 10 107 
20140214 96 10 95 
20140215 53 10 50 
20140216 0 10 0 
20140217 0 10 0 
20140218 27 10 26 
20140219 112 10 109 
20140220 0 10 0 
20140221 0 10 0 
20140222 0 10 0 
20140223 0 10 0 
20140224 79 10 78 
20140225 110 10 109 
20140226 0 10 0 
20140227 0 10 0 
20140228 0 10 0 
20140301 90 10 88 
20140302 0 10 0 
20140303 20 10 19 
20140304 80 10 80 
20140305 70 10 70 
20140306 0 10 0 
20140307 0 10 0 
20140308 0 10 0 
20140309 0 10 0 
20140310 105 10 102 
20140311 52 10 48 
20140312 0 10 0 
20140313 0 10 0 
20140314 28 10 28 
20140315 41 10 41 
20140316 0 10 0 
20140317 0 10 0 
20140318 0 10 0 
20140319 0 10 0 
20140320 0 10 0 
20140321 0 10 0 
20140322 0 10 0 
20140323 0 10 0 
20140324 0 10 0 
20140325 114 10 105 
20140326 112 10 111 
20140327 130 10 125 
20140328 144 10 139 
20140329 139 10 128 
20140330 8 10 6 
20140331 0 10 0 
20140401 0 10 0 
20140402 0 10 0 
20140403 0 10 0 
20140404 0 10 0 
20140405 0 10 0 
20140406 0 10 0 
20140407 0 10 0 
20140408 0 10 0 
20140409 0 10 0 
20140410 107 10 94 
20140411 25 10 25 
20140412 0 10 0 
20140413 0 10 0 
20140414 0 10 0 
20140415 0 10 0 
20140416 0 10 0 
20140417 0 10 0 
20140418 0 10 0 
20140419 0 10 0 
20140420 0 10 0 
20140421 0 10 0 
20140422 33 10 28 
20140423 0 10 0 
20140424 0 10 0 
20140425 0 10 0 
20140426 0 10 0 
20140427 0 10 0 
20140428 18 10 12 
20140429 31 10 12 
20140430 0 10 0 
20140501 16 10 4 
20140502 25 10 7 
20140503 33 10 15 
20140504 0 10 0 
20140505 0 10 0 
20140506 0 10 0 
20140507 0 10 0 
20140508 0 10 0 
20140509 0 10 0 
20140510 0 10 0 
20140511 0 10 0 
20140512 0 10 0 
20140513 0 10 0 
20140514 0 10 0 
20140515 0 10 0 
20140516 0 10 0 
20140517 22 10 22 
20140518 31 10 27 
20140519 0 10 0 
20140520 0 10 0 
20140521 0 10 0 
20140522 22 10 22 
20140523 48 10 47 
20140524 71 10 70 
20140525 0 10 0 
20140526 72 10 71 
20140527 140 10 135 
20140528 0 10 0 
20140529 0 10 0 
20140530 70 10 70 
20140531 73 10 73 
20140601 0 10 0 
20140602 0 10 0 
20140603 0 10 0 
20140604 0 10 0 
20140605 0 10 0 
20140606 0 10 0 
20140607 0 10 0 
20140608 0 10 0 
20140609 0 10 0 
20140610 0 10 0 
20140611 0 10 0 
20140612 0 10 0 
20140613 69 10 66 
20140614 0 10 0 
20140615 0 10 0 
20140616 0 10 0 
20140617 0 10 0 
20140618 0 10 0 
20140619 0 10 0 
20140620 0 10 0 
20140621 0 10 0 
20140622 0 10 0 
20140623 0 10 0 
20140624 0 10 0 
20140625 0 10 0 
20140626 0 10 0 
20140627 18 10 12 
20140628 12 9 6 
20140629 0 10 0 
20140630 0 10 0 
20140701 0 10 0 
20140702 0 10 0 
20140703 0 10 0 
20140704 0 10 0 
20140705 35 10 34 
20140706 0 10 0 
20140707 0 10 0 
20140708 90 10 90 
20140709 54 10 53 
20140710 0 10 0 
20140711 0 10 0 
20140712 0 10 0 
20140713 0 10 0 
20140714 0 10 0 
20140715 70 10 68 
20140716 0 10 0 
20140717 0 10 0 
20140718 0 10 0 
20140719 0 10 0 
20140720 0 10 0 
20140721 0 10 0 
20140722 0 10 0 
20140723 0 10 0 
20140724 0 10 0 
20140725 0 10 0 
20140726 0 10 0 
20140727 0 10 0 
20140728 0 10 0 
20140729 0 10 0 
20140730 0 10 0 
20140731 0 10 0 
20140801 0 10 0 
20140802 0 10 0 
20140803 0 10 0 
20140804 0 10 0 
20140805 0 10 0 
20140806 0 10 0 
20140807 0 10 0 
20140808 0 10 0 
20140809 0 10 0 
20140810 0 10 0 
20140811 0 10 0 
20140812 0 10 0 
20140813 0 10 0 
20140814 0 10 0 
20140815 137 10 132 
20140816 43 10 35 
20140817 0 10 0 
20140818 0 10 0 
20140819 0 10 0 
20140820 0 10 0 
20140821 0 10 0 
20140822 0 10 0 
20140823 0 10 0 
20140824 0 10 0 
20140825 0 10 0 
20140826 0 10 0 
20140827 0 10 0 
20140828 0 10 0 
20140829 0 10 0 
20140830 0 10 0 
20140831 0 10 0 
20140901 0 10 0 
20140902 0 10 0 
20140903 0 10 0 
20140904 0 10 0 
20140905 0 10 0 
20140906 0 10 0 
20140907 0 10 0 
20140908 0 10 0 
20140909 0 10 0 
20140910 0 10 0 
20140911 0 10 0 
20140912 0 10 0 
20140913 0 10 0 
20140914 0 10 0 
20140915 0 10 0 
20140916 0 10 0 
20140917 0 10 0 
20140918 0 10 0 
20140919 0 10 0 
20140920 0 10 0 
20140921 0 10 0 
20140922 0 10 0 
20140923 0 10 0 
20140924 27 10 27 
20140925 0 10 0 
20140926 0 10 0 
20140927 0 10 0 
20140928 0 10 0 
20140929 0 10 0 
20140930 0 10 0 
20141001 0 10 0 
20141002 0 10 0 
20141003 0 10 0 
20141004 0 10 0 
20141005 67 10 67 
20141006 143 10 140 
20141007 144 10 143 
20141008 144 10 144 
20141009 144 10 143 
20141010 143 10 138 
20141011 144 10 144 
20141012 144 10 142 
20141013 144 10 144 
20141014 144 10 144 
20141015 144 10 144 
20141016 42 10 41 
20141017 0 10 0 
20141018 0 10 0 
20141019 0 10 0 
20141020 0 10 0 
20141021 20 10 20 
20141022 47 10 31 
20141023 0 10 0 
20141024 21 10 14 
20141025 27 10 18 
20141026 132 10 95 
20141027 0 10 0 
20141028 0 10 0 
20141029 0 10 0 
20141030 0 10 0 
20141031 72 10 48 
20141101 0 10 0 
20141102 0 10 0 
20141103 22 10 17 
20141104 13 10 13 
20141105 0 10 0 
20141106 0 10 0 
20141107 0 10 0 
20141108 35 10 24 
20141109 0 10 0 
20141110 0 10 0 
20141111 0 10 0 
20141112 0 10 0 
20141113 0 10 0 
20141114 83 10 64 
20141115 37 10 28 
20141116 0 10 0 
20141117 0 10 0 
20141118 0 10 0 
20141119 0 10 0 
20141120 74 10 52 
20141121 3 10 2 
20141122 87 10 57 
20141123 95 10 67 
20141124 49 10 28 
20141125 0 10 0 
20141126 0 10 0 
20141127 0 10 0 
20141128 0 10 0 
20141129 114 10 75 
20141130 101 10 79 
20141201 0 10 0 
20141202 22 10 17 
20141203 78 10 56 
20141204 68 10 43 
20141205 94 10 76 
20141206 64 10 45 
20141207 35 10 26 
20141208 0 10 0 
20141209 56 10 42 
20141210 88 10 62 
20141211 0 10 0 
20141212 0 10 0 
20141213 45 10 33 
20141214 26 10 18 
20141215 0 10 0 
20141216 0 10 0 
20141217 0 10 0 
20141218 0 10 0 
20141219 0 10 0 
20141220 0 10 0 
20141221 0 10 0 
20141222 0 10 0 
20141223 0 10 0 
20141224 0 10 0 
20141225 0 10 0 
20141226 0 10 0 
20141227 0 10 0 
20141228 0 10 0 
20141229 0 10 0 
20141230 0 10 0 
20141231 0 10 0 
20150101 0 10 0 
20150102 0 10 0 
20150103 143 10 93 
20150104 137 10 91 
20150105 144 10 93 
20150106 73 10 46 
20150107 0 10 0 
20150108 76 10 62 
20150109 135 10 106 
20150110 110 10 106 
20150111 0 10 0 
20150112 121 10 118 
20150113 55 10 49 
20150114 0 10 0 
20150115 0 10 0 
20150116 0 10 0 
20150117 0 10 0 
20150118 0 10 0 
20150119 15 10 14 
20150120 56 10 54 
20150121 0 10 0 
20150122 0 10 0 
20150123 54 10 48 
20150124 0 10 0 
20150125 0 10 0 
20150126 0 10 0 
20150127 0 10 0 
20150128 0 10 0 
20150129 0 10 0 
20150130 0 10 0 
20150131 0 10 0 
20150201 0 10 0 
20150202 0 10 0 
20150203 0 10 0 
20150204 0 10 0 
20150205 0 10 0 
20150206 62 10 50 
20150207 46 10 42 
20150208 0 10 0 
20150209 0 10 0 
20150210 0 10 0 
20150211 41 10 38 
20150212 143 10 129 
20150213 132 10 120 
20150214 48 10 42 
20150215 102 10 86 
20150216 7 10 6 
20150217 53 10 40 
20150218 0 10 0 
20150219 28 10 16 
20150220 0 10 0 
20150221 17 10 10 
20150222 64 10 50 
20150223 68 10 45 
20150224 0 10 0 
20150225 0 10 0 
20150226 0 10 0 
20150227 7 10 6 
20150228 0 10 0 
20150301 0 10 0 
20150302 0 10 0 
20150303 0 10 0 
20150304 0 10 0 
20150305 0 10 0 
20150306 0 10 0 
20150307 0 10 0 
20150308 0 10 0 
20150309 0 10 0 
20150310 0 10 0 
20150311 0 10 0 
20150312 6 10 6 
20150313 0 10 0 
20150314 0 10 0 
20150315 0 10 0 
20150316 0 10 0 
20150317 65 10 44 
20150318 0 10 0 
20150319 51 10 34 
20150320 0 10 0 
20150321 0 10 0 
20150322 5 10 5 
20150323 46 10 33 
20150324 139 10 110 
20150325 144 10 115 
20150326 144 10 117 
20150327 144 10 109 
20150328 144 10 123 
20150329 144 10 118 
20150330 144 10 108 
20150331 144 10 110 
20150401 143 10 110 
20150402 144 10 105 
20150403 144 10 113 
20150404 144 10 118 
20150405 144 10 126 
20150406 144 10 131 
20150407 144 10 112 
20150408 144 10 113 
20150409 144 10 117 
20150410 144 10 112 
20150411 144 10 119 
20150412 143 10 102 
20150413 138 10 110 
20150414 142 10 114 
20150415 141 10 113 
20150416 95 10 63 
20150417 127 10 102 
20150418 135 10 108 
20150419 142 10 115 
20150420 138 10 101 
20150421 134 10 107 
20150422 137 10 111 
20150423 140 10 109 
20150424 134 10 112 
20150425 143 10 118 
20150426 141 10 113 
20150427 142 10 109 
20150428 144 10 122 
20150429 141 10 101 
20150430 144 10 115 
20150501 144 10 102 
20150502 144 10 130 
20150503 144 10 120 
20150504 144 10 105 
20150505 144 10 108 
20150506 143 10 108 
20150507 144 10 120 
20150508 144 10 112 
20150509 143 10 127 
20150510 144 10 125 
20150511 144 10 126 
20150512 144 10 139 
20150513 144 10 141 
20150514 144 10 130 
20150515 144 10 136 
20150516 144 10 142 
20150517 144 10 132 
20150518 144 10 129 
20150519 144 10 130 
20150520 144 10 133 
20150521 144 10 132 
20150522 144 10 133 
20150523 144 10 142 
20150524 144 10 128 
20150525 144 10 118 
20150526 144 10 135 
20150527 143 10 135 
20150528 144 10 137 
20150529 144 10 144 
20150530 144 10 140 
20150531 143 10 118 
20150601 144 10 122 
20150602 144 10 128 
20150603 115 10 90 
20150604 131 10 104 
20150605 144 10 133 
20150606 144 10 132 
20150607 144 10 131 
20150608 144 10 132 
20150609 144 10 105 
20150610 144 10 136 
20150611 144 10 131 
20150612 144 10 139 
20150613 144 10 129 
20150614 144 10 133 
20150615 144 10 133 
20150616 144 10 136 
20150617 144 10 130 
20150618 144 10 138 
20150619 144 10 135 
20150620 144 10 142 
20150621 144 10 140 
20150622 144 10 131 
20150623 144 10 129 
20150624 144 10 129 
20150625 143 10 129 
20150626 144 10 139 
20150627 144 10 133 
20150628 143 10 135 
20150629 144 10 129 
20150630 142 10 128 
20150701 144 10 139 
20150702 144 10 138 
20150703 144 10 129 
20150704 143 10 131 
20150705 144 10 135 
20150706 144 10 139 
20150707 144 10 136 
20150708 144 10 138 
20150709 144 10 137 
20150710 144 10 133 
20150711 144 10 135 
20150712 49 10 44 
20150713 0 10 0 
20150714 0 10 0 
20150715 3 10 2 
20150716 142 10 114 
20150717 144 10 117 
20150718 144 10 108 
20150719 144 10 121 
20150720 144 10 123 
20150721 142 10 127 
20150722 143 10 135 
20150723 144 10 129 
20150724 144 10 134 
20150725 144 10 129 
20150726 144 10 128 
20150727 144 10 138 
20150728 144 10 123 
20150729 144 10 126 
20150730 144 10 137 
20150731 143 10 128 
20150801 143 10 129 
20150802 144 10 126 
20150803 144 10 130 
20150804 144 10 130 
20150805 143 10 127 
20150806 143 10 131 
20150807 144 10 136 
20150808 144 10 119 
20150809 144 10 133 
20150810 144 10 127 
20150811 144 10 129 
20150812 144 10 132 
20150813 144 10 122 
20150814 144 10 118 
20150815 144 10 119 
20150816 143 10 137 
20150817 145 10 130 
20150818 144 10 126 
20150819 144 10 137 
20150820 14 10 14 
20150821 134 10 106 
20150822 143 10 106 
20150823 143 10 101 
20150824 144 10 113 
20150825 144 10 112 
20150826 144 10 128 
20150827 144 10 120 
20150828 144 10 118 
20150829 144 10 110 
20150830 144 10 101 
20150831 144 10 112 
20150901 144 10 99 
20150902 129 10 120 
20150903 0 10 0 
20150904 0 10 0 
20150905 0 10 0 
20150906 123 10 107 
20150907 144 10 126 
20150908 144 10 123 
20150909 144 10 125 
20150910 144 10 120 
20150911 144 10 112 
20150912 144 10 104 
20150913 144 10 124 
20150914 143 10 117 
20150915 144 10 111 
20150916 144 10 112 
20150917 144 10 111 
20150918 144 10 114 
20150919 144 10 114 
20150920 144 10 110 
20150921 144 10 117 
20150922 144 10 120 
20150923 143 10 126 
20150924 142 10 119 
20150925 144 10 110 
20150926 144 10 104 
20150927 144 10 125 
20150928 144 10 114 
20150929 138 10 105 
20150930 144 10 114 
20151001 144 10 120 
20151002 143 10 116 
20151003 144 10 115 
20151004 143 10 112 
20151005 143 10 112 
20151006 143 10 109 
20151007 144 10 123 
20151008 143 10 119 
20151009 143 10 118 
20151010 144 10 113 
20151011 143 10 132 
20151012 144 10 125 
20151013 144 10 136 
20151014 142 10 125 
20151015 144 10 132 
20151016 144 10 125 
20151017 143 10 130 
20151018 144 10 126 
20151019 144 10 132 
20151020 144 10 131 
20151021 144 10 129 
20151022 144 10 136 
20151023 144 10 133 
20151024 144 10 126 
20151025 133 10 121 
20151026 123 10 106 
20151027 138 10 101 
20151028 144 10 126 
20151029 144 10 119 
20151030 143 10 130 
20151031 142 10 126 
20151101 119 10 104 
20151102 0 10 0 
20151103 0 10 0 
20151104 0 10 0 
20151105 1 10 1 
20151106 117 10 83 
20151107 143 10 96 
20151108 143 10 100 
20151109 143 10 114 
20151110 144 10 96 
20151111 143 10 104 
20151112 142 10 101 
20151113 144 10 94 
20151114 144 10 102 
20151115 144 10 106 
20151116 126 10 86 
20151117 129 10 102 
20151118 120 10 91 
20151119 110 10 108 
20151120 144 10 142 
20151121 144 10 144 
20151122 144 10 143 
20151123 144 10 143 
20151124 144 10 144 
20151125 144 10 142 
20151126 144 10 143 
20151127 144 10 143 
20151128 144 10 143 
20151129 144 10 144 
20151130 144 10 143 
20151201 144 10 143 
20151202 144 10 143 
20151203 144 10 144 
20151204 144 10 138 
20151205 144 10 143 
20151206 144 10 141 
20151207 144 10 141 
20151208 144 10 143 
20151209 144 10 144 
20151210 144 10 143 
20151211 144 10 143 
20151212 144 10 141 
20151213 144 10 141 
20151214 144 10 142 
20151215 144 10 141 
20151216 143 10 141 
20151217 143 10 141 
20151218 144 10 143 
20151219 144 10 144 
20151220 144 10 142 
20151221 143 10 143 
20151222 144 10 144 
20151223 144 10 144 
20151224 144 10 144 
20151225 143 10 139 
20151226 144 10 143 
20151227 144 10 144 
20151228 143 10 143 
20151229 144 10 144 
20151230 144 10 136 
20151231 142 10 138 
20160101 143 10 140 
20160102 144 10 141 
20160103 144 10 141 
20160104 144 10 142 
20160105 144 10 142 
20160106 144 10 144 
20160107 111 10 109 
20160108 143 10 142 
20160109 144 10 142 
20160110 144 10 141 
20160111 143 10 142 
20160112 144 10 141 
20160113 95 10 93 
20160114 134 10 134 
20160115 144 10 143 
20160116 143 10 139 
20160117 143 10 141 
20160118 144 10 142 
20160119 142 10 139 
20160120 144 10 142 
20160121 144 10 144 
20160122 141 10 140 
20160123 144 10 142 
20160124 144 10 142 
20160125 143 10 140 
20160126 142 10 140 
20160127 144 10 140 
20160128 143 10 142 
20160129 144 10 141 
20160130 144 10 143 
20160131 144 10 143 
20160201 144 10 143 
20160202 144 10 144 
20160203 144 10 144 
20160204 144 10 141 
20160205 143 10 143 
20160206 143 10 139 
20160207 143 10 140 
20160208 141 10 140 
20160209 144 10 138 
20160210 144 10 143 
20160211 145 10 142 
20160212 142 10 140 
20160213 143 10 142 
20160214 144 10 144 
20160215 144 10 144 
20160216 144 10 143 
20160217 144 10 144 
20160218 144 10 143 
20160219 143 10 143 
20160220 143 10 143 
20160221 143 10 143 
20160222 143 10 138 
20160223 144 10 143 
20160224 143 10 143 
20160225 143 10 143 
20160226 143 10 143 
20160227 143 10 143 
20160228 81 10 81 
20160229 13 10 13 
20160301 0 10 0 
20160302 0 10 0 
20160303 0 10 0 
20160304 0 10 0 
20160305 0 10 0 
20160306 0 10 0 
20160307 0 10 0 
20160308 0 10 0 
20160309 0 10 0 
20160310 0 10 0 
20160311 0 10 0 
20160312 0 10 0 
20160313 0 10 0 
20160314 0 10 0 
20160315 139 10 139 
20160316 143 10 143 
20160317 142 10 142 
20160318 143 10 143 
20160319 143 10 143 
20160320 144 10 143 
20160321 143 10 142 
20160322 143 10 142 
20160323 143 10 142 
20160324 143 10 143 
20160325 144 10 142 
20160326 144 10 144 
20160327 144 10 144 
20160328 143 10 142 
20160329 143 10 141 
20160330 144 10 143 
20160331 128 10 126 
20160401 144 10 144 
20160402 144 10 142 
20160403 144 10 142 
20160404 144 10 144 
20160405 144 10 142 
20160406 144 10 144 
20160407 143 10 142 
20160408 144 10 143 
20160409 144 10 144 
20160410 143 10 143 
20160411 144 10 144 
20160412 144 10 144 
20160413 144 10 144 
20160414 144 10 144 
20160415 144 10 142 
20160416 144 10 143 
20160417 142 10 142 
20160418 144 10 144 
20160419 144 10 142 
20160420 143 10 141 
20160421 144 10 144 
20160422 144 10 143 
20160423 144 10 144 
20160424 144 10 143 
20160425 144 10 144 
20160426 144 10 144 
20160427 144 10 144 
20160428 144 10 144 
20160429 144 10 144 
20160430 144 10 144 
20160501 144 10 144 
20160502 144 10 142 
20160503 144 10 144 
20160504 144 10 143 
20160505 143 10 143 
20160506 127 10 127 
20160507 124 10 124 
20160508 134 10 134 
20160509 135 10 135 
20160510 29 10 28 
20160511 141 10 141 
20160512 144 10 144 
20160513 144 10 144 
20160514 144 10 144 
20160515 144 10 144 
20160516 144 10 144 
20160517 144 10 144 
20160518 144 10 144 
20160519 143 10 142 
20160520 144 10 144 
20160521 144 10 144 
20160522 144 10 144 
20160523 143 10 143 
20160524 144 10 143 
20160525 144 10 144 
20160526 144 10 144 
20160527 144 10 144 
20160528 144 10 144 
20160529 143 10 143 
20160530 144 10 144 
20160531 145 10 144 
20160601 144 10 144 
20160602 143 10 143 
20160603 144 10 144 
20160604 144 10 144 
20160605 144 10 144 
20160606 144 10 144 
20160607 144 10 144 
20160608 138 10 138 
20160609 123 10 122 
20160610 143 10 143 
20160611 141 10 141 
20160612 139 10 137 
20160613 143 10 142 
20160614 142 10 139 
20160615 143 10 143 
20160616 143 10 143 
20160617 129 10 129 
20160618 105 10 105 
20160619 140 10 139 
20160620 144 10 144 
20160621 144 10 144 
20160622 144 10 144 
20160623 144 10 144 
20160624 143 10 142 
20160625 143 10 141 
20160626 143 10 143 
20160627 143 10 143 
20160628 144 10 143 
20160629 144 10 144 
20160630 141 10 140 
20160701 0 10 0 
20160702 0 10 0 
20160703 0 10 0 
20160704 0 10 0 
20160705 0 10 0 
20160706 0 10 0 
20160707 0 10 0 
20160708 0 10 0 
20160709 0 10 0 
20160710 0 10 0 
20160711 0 10 0 
20160712 0 10 0 
20160713 0 10 0 
20160714 0 10 0 
20160715 0 10 0 
20160716 0 10 0 
20160717 0 10 0 
20160718 0 10 0 
20160719 0 10 0 
20160720 0 10 0 
20160721 0 10 0 
20160722 0 10 0 
20160723 0 10 0 
20160724 0 10 0 
20160725 0 10 0 
20160726 0 10 0 
20160727 0 10 0 
20160728 0 10 0 
20160729 0 10 0 
20160730 0 10 0 
20160731 0 10 0 
20160801 0 10 0 
20160802 0 10 0 
20160803 0 10 0 
20160804 0 10 0 
20160805 0 10 0 
20160806 0 10 0 
20160807 0 10 0 
20160808 0 10 0 
20160809 0 10 0 
20160810 0 10 0 
20160811 0 10 0 
20160812 0 10 0 
20160813 0 10 0 
20160814 0 10 0 
20160815 0 10 0 
20160816 0 10 0 
20160817 0 10 0 
20160818 0 10 0 
20160819 0 10 0 
20160820 0 10 0 
20160821 0 10 0 
20160822 0 10 0 
20160823 0 10 0 
20160824 0 10 0 
20160825 0 10 0 
20160826 0 10 0 
20160827 0 10 0 
20160828 0 10 0 
20160829 0 10 0 
20160830 0 10 0 
20160831 0 10 0 
20160901 0 10 0 
20160902 0 10 0 
20160903 0 10 0 
20160904 0 10 0 
20160905 0 10 0 
20160906 0 10 0 
20160907 0 10 0 
20160908 0 10 0 
20160909 0 10 0 
20160910 0 10 0 
20160911 0 10 0 
20160912 0 10 0 
20160913 0 10 0 
20160914 0 10 0 
20160915 0 10 0 
20160916 0 10 0 
20160917 0 10 0 
20160918 0 10 0 
20160919 113 10 113 
20160920 47 10 47 
20160921 138 10 138 
20160922 134 10 134 
20160923 132 10 132 
20160924 73 10 73 
20160925 129 10 129 
20160926 34 10 34 
20160927 28 10 28 
20160928 11 10 11 
20160929 4 10 4 
20160930 0 10 0 
20161001 18 10 18 
20161002 9 10 9 
20161003 16 10 16 
20161004 16 10 16 
20161005 0 10 0 
20161006 0 10 0 
20161007 4 10 4 
20161008 1 10 1 
20161009 2 10 2 
20161010 0 10 0 
20161011 0 10 0 
20161012 0 10 0 
20161013 0 10 0 
20161014 0 10 0 
20161015 0 10 0 
20161016 5 10 5 
20161017 10 10 10 
20161018 1 10 1 
20161019 0 10 0 
20161020 0 10 0 
20161021 18 10 18 
20161022 17 10 17 
20161023 19 10 19 
20161024 16 10 16 
20161025 1 10 1 
20161026 12 10 12 
20161027 23 10 23 
20161028 5 10 5 
20161029 5 10 5 
20161030 10 10 10 
20161031 25 10 25 
20161101 18 10 18 
20161102 7 10 7 
20161103 8 10 8 
20161104 18 10 18 
20161105 24 10 24 
20161106 15 10 15 
20161107 20 10 20 
20161108 24 10 24 
20161109 29 10 29 
20161110 123 10 123 
20161111 118 10 118 
20161112 143 10 142 
20161113 143 10 143 
20161114 141 10 140 
20161115 142 10 141 
20161116 143 10 142 
20161117 31 10 30 
20161118 103 10 103 
20161119 36 10 36 
20161120 29 10 29 
20161121 8 10 8 
20161122 12 10 12 
20161123 139 10 138 
20161124 141 10 141 
20161125 142 10 142 
20161126 141 10 141 
20161127 143 10 143 
20161128 141 10 139 
20161129 139 10 139 
20161130 140 10 140 
20161201 142 10 142 
20161202 140 10 140 
20161203 141 10 141 
20161204 140 10 140 
20161205 134 10 134 
20161206 140 10 140 
20161207 136 10 135 
20161208 141 10 141 
20161209 143 10 143 
20161210 138 10 137 
20161211 138 10 138 
20161212 137 10 137 
20161213 137 10 137 
20161214 133 10 133 
20161215 138 10 138 
20161216 141 10 141 
20161217 132 10 132 
20161218 141 10 140 
20161219 140 10 140 
20161220 142 10 142 
20161221 141 10 141 
20161222 141 10 141 
20161223 143 10 142 
20161224 136 10 135 
20161225 141 10 141 
20161226 131 10 131 
20161227 137 10 137 
20161228 140 10 140 
20161229 143 10 143 
20161230 138 10 137 
20161231 141 10 141 
