20150101 125 125 10 
20150102 129 129 10 
20150103 127 126 10 
20150104 127 126 10 
20150105 127 125 10 
20150106 123 123 10 
20150107 130 129 10 
20150108 128 128 10 
20150109 127 127 10 
20150110 128 128 10 
20150111 139 139 10 
20150112 144 143 10 
20150113 145 143 10 
20150114 144 144 10 
20150115 135 132 10 
20150116 144 144 10 
20150117 144 144 10 
20150118 144 144 10 
20150119 143 143 10 
20150120 137 137 10 
20150121 9 9 10 
20150122 114 114 10 
20150123 132 132 10 
20150124 125 125 10 
20150125 125 125 10 
20150126 128 128 10 
20150127 121 120 10 
20150128 125 125 10 
20150129 128 127 10 
20150130 130 128 10 
20150131 124 123 10 
20150201 126 126 10 
20150202 125 124 10 
20150203 124 124 10 
20150204 126 126 10 
20150205 128 128 10 
20150206 131 131 10 
20150207 124 124 10 
20150208 120 120 10 
20150209 125 125 10 
20150210 122 122 10 
20150211 124 123 10 
20150212 129 129 10 
20150213 135 135 10 
20150214 125 125 10 
20150215 118 118 10 
20150216 123 123 10 
20150217 120 120 10 
20150218 126 126 10 
20150219 129 129 10 
20150220 133 130 10 
20150221 124 124 10 
20150222 124 124 10 
20150223 125 124 10 
20150224 126 125 10 
20150225 125 125 10 
20150226 131 131 10 
20150227 128 127 10 
20150228 123 121 10 
20150301 120 120 10 
20150302 126 125 10 
20150303 125 125 10 
20150304 124 124 10 
20150305 133 130 10 
20150306 128 128 10 
20150307 126 125 10 
20150308 127 127 10 
20150309 135 135 10 
20150310 121 121 10 
20150311 131 131 10 
20150312 137 135 10 
20150313 134 134 10 
20150314 124 124 10 
20150315 124 124 10 
20150316 128 128 10 
20150317 122 122 10 
20150318 128 128 10 
20150319 131 130 10 
20150320 129 129 10 
20150321 125 125 10 
20150322 124 124 10 
20150323 124 123 10 
20150324 124 123 10 
20150325 126 126 10 
20150326 127 127 10 
20150327 130 128 10 
20150328 126 125 10 
20150329 119 119 10 
20150330 125 125 10 
20150331 133 133 10 
20150401 129 129 10 
20150402 128 128 10 
20150403 128 127 10 
20150404 125 125 10 
20150405 121 121 10 
20150406 131 130 10 
20150407 127 127 10 
20150408 123 123 10 
20150409 127 126 10 
20150410 131 131 10 
20150411 124 123 10 
20150412 122 122 10 
20150413 128 127 10 
20150414 123 123 10 
20150415 125 125 10 
20150416 129 129 10 
20150417 129 129 10 
20150418 123 123 10 
20150419 120 119 10 
20150420 124 124 10 
20150421 119 119 10 
20150422 126 126 10 
20150423 128 128 10 
20150424 131 131 10 
20150425 123 123 10 
20150426 120 118 10 
20150427 127 127 10 
20150428 123 123 10 
20150429 124 124 10 
20150430 127 127 10 
20150501 126 126 10 
20150502 124 124 10 
20150503 121 121 10 
20150504 125 125 10 
20150505 117 116 10 
20150506 126 126 10 
20150507 126 126 10 
20150508 127 127 10 
20150509 122 122 10 
20150510 118 118 10 
20150511 123 123 10 
20150512 128 128 10 
20150513 143 143 10 
20150514 144 144 10 
20150515 126 126 10 
20150516 126 125 10 
20150517 122 122 10 
20150518 125 125 10 
20150519 124 123 10 
20150520 128 127 10 
20150521 128 127 10 
20150522 127 127 10 
20150523 121 121 10 
20150524 121 120 10 
20150525 120 120 10 
20150526 125 125 10 
20150527 127 127 10 
20150528 132 132 10 
20150529 130 130 10 
20150530 125 124 10 
20150531 121 120 10 
20150601 125 125 10 
20150602 121 121 10 
20150603 127 127 10 
20150604 127 126 10 
20150605 132 129 10 
20150606 119 119 10 
20150607 120 120 10 
20150608 98 98 10 
20150609 101 101 10 
20150610 120 120 10 
20150611 136 136 10 
20150612 126 126 10 
20150613 127 127 10 
20150614 123 123 10 
20150615 126 126 10 
20150616 123 123 10 
20150617 127 127 10 
20150618 126 125 10 
20150619 133 131 10 
20150620 125 125 10 
20150621 123 123 10 
20150622 127 127 10 
20150623 124 123 10 
20150624 127 127 10 
20150625 128 128 10 
20150626 126 126 10 
20150627 119 119 10 
20150628 118 118 10 
20150629 126 125 10 
20150630 131 130 10 
20150701 133 133 10 
20150702 136 136 10 
20150703 129 129 10 
20150704 126 126 10 
20150705 122 122 10 
20150706 126 125 10 
20150707 121 121 10 
20150708 128 127 10 
20150709 127 127 10 
20150710 126 126 10 
20150711 124 123 10 
20150712 124 124 10 
20150713 127 127 10 
20150714 123 123 10 
20150715 125 125 10 
20150716 129 129 10 
20150717 126 126 10 
20150718 121 121 10 
20150719 121 120 10 
20150720 127 127 10 
20150721 127 127 10 
20150722 130 130 10 
20150723 131 130 10 
20150724 127 127 10 
20150725 118 118 10 
20150726 122 122 10 
20150727 130 129 10 
20150728 127 126 10 
20150729 129 129 10 
20150730 131 131 10 
20150731 134 134 10 
20150801 124 124 10 
20150802 124 124 10 
20150803 126 126 10 
20150804 122 122 10 
20150805 128 127 10 
20150806 126 126 10 
20150807 137 137 10 
20150808 132 132 10 
20150809 124 123 10 
20150810 129 129 10 
20150811 126 125 10 
20150812 125 125 10 
20150813 130 129 10 
20150814 129 129 10 
20150815 122 120 10 
20150816 123 122 10 
20150817 128 127 10 
20150818 129 128 10 
20150819 0 0 10 
20150820 0 0 10 
20150821 0 0 10 
20150822 0 0 10 
20150823 0 0 10 
20150824 0 0 10 
20150825 0 0 10 
20150826 115 115 10 
20150827 130 128 10 
20150828 127 127 10 
20150829 125 125 10 
20150830 123 122 10 
20150831 135 135 10 
20150901 132 131 10 
20150902 134 134 10 
20150903 136 136 10 
20150904 137 137 10 
20150905 125 125 10 
20150906 120 119 10 
20150907 125 125 10 
20150908 120 120 10 
20150909 118 118 10 
20150910 135 135 10 
20150911 130 130 10 
20150912 127 127 10 
20150913 122 122 10 
20150914 125 125 10 
20150915 124 123 10 
20150916 120 114 10 
20150917 129 128 10 
20150918 129 129 10 
20150919 123 122 10 
20150920 103 92 10 
20150921 119 119 10 
20150922 124 122 10 
20150923 126 126 10 
20150924 136 136 10 
20150925 128 128 10 
20150926 121 121 10 
20150927 120 120 10 
20150928 123 123 10 
20150929 124 123 10 
20150930 124 123 10 
20151001 128 128 10 
20151002 130 130 10 
20151003 125 125 10 
20151004 124 124 10 
20151005 133 131 10 
20151006 123 123 10 
20151007 127 127 10 
20151008 128 128 10 
20151009 126 125 10 
20151010 129 129 10 
20151011 117 117 10 
20151012 124 124 10 
20151013 124 124 10 
20151014 126 126 10 
20151015 130 130 10 
20151016 129 129 10 
20151017 129 129 10 
20151018 122 122 10 
20151019 128 127 10 
20151020 126 124 10 
20151021 121 121 10 
20151022 129 127 10 
20151023 128 128 10 
20151024 131 131 10 
20151025 128 128 10 
20151026 130 130 10 
20151027 131 130 10 
20151028 134 134 10 
20151029 136 135 10 
20151030 138 138 10 
20151031 130 129 10 
20151101 127 127 10 
20151102 132 132 10 
20151103 126 125 10 
20151104 126 126 10 
20151105 128 128 10 
20151106 125 125 10 
20151107 123 123 10 
20151108 120 120 10 
20151109 125 124 10 
20151110 123 123 10 
20151111 124 123 10 
20151112 131 129 10 
20151113 129 127 10 
20151114 124 123 10 
20151115 123 121 10 
20151116 128 124 10 
20151117 126 126 10 
20151118 130 130 10 
20151119 126 126 10 
20151120 126 126 10 
20151121 98 94 10 
20151122 124 120 10 
20151123 211 211 5 
20151124 265 265 5 
20151125 251 250 5 
20151126 269 269 5 
20151127 273 273 5 
20151128 248 247 5 
20151129 248 247 5 
20151130 258 257 5 
20151201 258 258 5 
20151202 263 263 5 
20151203 286 286 5 
20151204 287 287 5 
20151205 269 269 5 
20151206 258 257 5 
20151207 262 262 5 
20151208 205 203 5 
20151209 186 185 5 
20151210 115 114 5 
20151211 0 0 10 
20151212 0 0 10 
20151213 0 0 10 
20151214 0 0 10 
20151215 0 0 10 
20151216 0 0 10 
20151217 0 0 10 
20151218 0 0 10 
20151219 0 0 10 
20151220 0 0 10 
20151221 0 0 10 
20151222 0 0 10 
20151223 0 0 10 
20151224 0 0 10 
20151225 0 0 10 
20151226 0 0 10 
20151227 0 0 10 
20151228 0 0 10 
20151229 0 0 10 
20151230 0 0 10 
20151231 0 0 10 
