20150101 128 128 10 
20150102 100 100 10 
20150103 52 52 10 
20150104 71 71 10 
20150105 91 91 10 
20150106 139 139 10 
20150107 141 141 10 
20150108 140 139 10 
20150109 143 140 10 
20150110 140 140 10 
20150111 72 72 10 
20150112 91 91 10 
20150113 94 94 10 
20150114 112 112 10 
20150115 136 136 10 
20150116 47 47 10 
20150117 48 48 10 
20150118 51 51 10 
20150119 62 61 10 
20150120 23 23 10 
20150121 118 117 10 
20150122 75 75 10 
20150123 72 72 10 
20150124 125 125 10 
20150125 144 144 10 
20150126 135 135 10 
20150127 82 82 10 
20150128 51 51 10 
20150129 73 73 10 
20150130 123 123 10 
20150131 91 91 10 
20150201 34 34 10 
20150202 41 41 10 
20150203 62 62 10 
20150204 62 62 10 
20150205 26 26 10 
20150206 17 17 10 
20150207 59 59 10 
20150208 95 95 10 
20150209 144 144 10 
20150210 105 105 10 
20150211 81 81 10 
20150212 85 85 10 
20150213 6 6 10 
20150214 36 36 10 
20150215 51 51 10 
20150216 63 63 10 
20150217 13 13 10 
20150218 12 12 10 
20150219 5 5 10 
20150220 76 76 10 
20150221 13 13 10 
20150222 14 14 10 
20150223 107 107 10 
20150224 98 98 10 
20150225 90 90 10 
20150226 44 44 10 
20150227 22 22 10 
20150228 14 14 10 
20150301 40 40 10 
20150302 48 48 10 
20150303 76 74 10 
20150304 1 1 10 
20150305 40 40 10 
20150306 119 118 10 
20150307 52 52 10 
20150308 65 65 10 
20150309 113 113 10 
20150310 85 85 10 
20150311 71 71 10 
20150312 98 98 10 
20150313 73 73 10 
20150314 77 77 10 
20150315 82 82 10 
20150316 59 59 10 
20150317 10 10 10 
20150318 0 0 10 
20150319 1 1 10 
20150320 24 24 10 
20150321 66 66 10 
20150322 10 10 10 
20150323 46 46 10 
20150324 144 144 10 
20150325 89 89 10 
20150326 109 109 10 
20150327 58 58 10 
20150328 60 60 10 
20150329 39 39 10 
20150330 37 37 10 
20150331 23 23 10 
20150401 70 70 10 
20150402 81 81 10 
20150403 48 48 10 
20150404 25 25 10 
20150405 8 8 10 
20150406 56 56 10 
20150407 43 43 10 
20150408 9 9 10 
20150409 15 15 10 
20150410 22 22 10 
20150411 14 14 10 
20150412 59 59 10 
20150413 61 60 10 
20150414 71 70 10 
20150415 36 36 10 
20150416 11 11 10 
20150417 8 8 10 
20150418 46 46 10 
20150419 78 78 10 
20150420 29 29 10 
20150421 1 1 10 
20150422 6 6 10 
20150423 5 5 10 
20150424 11 11 10 
20150425 15 15 10 
20150426 3 3 10 
20150427 2 2 10 
20150428 3 3 10 
20150429 3 3 10 
20150430 3 3 10 
20150501 3 3 10 
20150502 3 3 10 
20150503 2 2 10 
20150504 16 16 10 
20150505 13 13 10 
20150506 34 34 10 
20150507 16 16 10 
20150508 8 8 10 
20150509 4 4 10 
20150510 9 9 10 
20150511 2 2 10 
20150512 12 12 10 
20150513 26 26 10 
20150514 12 12 10 
20150515 2 2 10 
20150516 43 43 10 
20150517 8 8 10 
20150518 6 6 10 
20150519 17 17 10 
20150520 8 8 10 
20150521 4 4 10 
20150522 0 0 10 
20150523 1 1 10 
20150524 2 2 10 
20150525 2 2 10 
20150526 3 3 10 
20150527 3 3 10 
20150528 3 3 10 
20150529 15 15 10 
20150530 9 9 10 
20150531 5 5 10 
20150601 3 3 10 
20150602 2 2 10 
20150603 1 1 10 
20150604 0 0 10 
20150605 0 0 10 
20150606 0 0 10 
20150607 1 1 10 
20150608 2 2 10 
20150609 2 2 10 
20150610 1 1 10 
20150611 83 83 10 
20150612 16 16 10 
20150613 3 3 10 
20150614 7 7 10 
20150615 3 3 10 
20150616 10 10 10 
20150617 0 0 10 
20150618 0 0 10 
20150619 0 0 10 
20150620 0 0 10 
20150621 0 0 10 
20150622 0 0 10 
20150623 0 0 10 
20150624 0 0 10 
20150625 0 0 10 
20150626 0 0 10 
20150627 0 0 10 
20150628 0 0 10 
20150629 0 0 10 
20150630 43 43 10 
20150701 0 0 10 
20150702 0 0 10 
20150703 0 0 10 
20150704 0 0 10 
20150705 0 0 10 
20150706 0 0 10 
20150707 0 0 10 
20150708 0 0 10 
20150709 0 0 10 
20150710 0 0 10 
20150711 0 0 10 
20150712 0 0 10 
20150713 0 0 10 
20150714 0 0 10 
20150715 0 0 10 
20150716 0 0 10 
20150717 0 0 10 
20150718 0 0 10 
20150719 0 0 10 
20150720 0 0 10 
20150721 0 0 10 
20150722 0 0 10 
20150723 0 0 10 
20150724 0 0 10 
20150725 0 0 10 
20150726 0 0 10 
20150727 0 0 10 
20150728 0 0 10 
20150729 0 0 10 
20150730 0 0 10 
20150731 0 0 10 
20150801 0 0 10 
20150802 0 0 10 
20150803 0 0 10 
20150804 0 0 10 
20150805 0 0 10 
20150806 0 0 10 
20150807 0 0 10 
20150808 0 0 10 
20150809 0 0 10 
20150810 0 0 10 
20150811 0 0 10 
20150812 0 0 10 
20150813 0 0 10 
20150814 0 0 10 
20150815 0 0 10 
20150816 0 0 10 
20150817 0 0 10 
20150818 0 0 10 
20150819 0 0 10 
20150820 0 0 10 
20150821 0 0 10 
20150822 0 0 10 
20150823 0 0 10 
20150824 0 0 10 
20150825 0 0 10 
20150826 0 0 10 
20150827 0 0 10 
20150828 0 0 10 
20150829 0 0 10 
20150830 0 0 10 
20150831 0 0 10 
20150901 0 0 10 
20150902 0 0 10 
20150903 0 0 10 
20150904 0 0 10 
20150905 0 0 10 
20150906 0 0 10 
20150907 0 0 10 
20150908 0 0 10 
20150909 0 0 10 
20150910 0 0 10 
20150911 0 0 10 
20150912 0 0 10 
20150913 0 0 10 
20150914 0 0 10 
20150915 0 0 10 
20150916 0 0 10 
20150917 0 0 10 
20150918 0 0 10 
20150919 0 0 10 
20150920 8 8 10 
20150921 0 0 10 
20150922 0 0 10 
20150923 0 0 10 
20150924 0 0 10 
20150925 0 0 10 
20150926 0 0 10 
20150927 44 44 10 
20150928 51 51 10 
20150929 2 2 10 
20150930 0 0 10 
20151001 2 2 10 
20151002 0 0 10 
20151003 0 0 10 
20151004 0 0 10 
20151005 0 0 10 
20151006 0 0 10 
20151007 0 0 10 
20151008 0 0 10 
20151009 0 0 10 
20151010 0 0 10 
20151011 0 0 10 
20151012 0 0 10 
20151013 0 0 10 
20151014 3 3 10 
20151015 6 6 10 
20151016 0 0 10 
20151017 9 9 10 
20151018 2 2 10 
20151019 0 0 10 
20151020 0 0 10 
20151021 0 0 10 
20151022 44 44 10 
20151023 0 0 10 
20151024 0 0 10 
20151025 0 0 10 
20151026 0 0 10 
20151027 47 47 10 
20151028 0 0 10 
20151029 40 40 10 
20151030 0 0 10 
20151031 32 32 10 
20151101 0 0 10 
20151102 0 0 10 
20151103 0 0 10 
20151104 11 11 10 
20151105 57 57 10 
20151106 6 6 10 
20151107 0 0 10 
20151108 27 27 10 
20151109 53 53 10 
20151110 29 29 10 
20151111 23 23 10 
20151112 6 6 10 
20151113 43 42 10 
20151114 2 2 10 
20151115 27 27 10 
20151116 3 3 10 
20151117 11 11 10 
20151118 0 0 10 
20151119 14 14 10 
20151120 0 0 10 
20151121 0 0 10 
20151122 8 8 10 
20151123 65 65 10 
20151124 28 28 10 
20151125 11 11 10 
20151126 2 2 10 
20151127 49 49 10 
20151128 16 16 10 
20151129 58 58 10 
20151130 83 83 10 
20151201 75 74 10 
20151202 34 34 10 
20151203 108 108 10 
20151204 34 34 10 
20151205 0 0 10 
20151206 19 19 10 
20151207 82 82 10 
20151208 75 75 10 
20151209 11 11 10 
20151210 0 0 10 
20151211 82 82 10 
20151212 58 58 10 
20151213 94 93 10 
20151214 98 97 10 
20151215 144 144 10 
20151216 145 145 10 
20151217 144 144 10 
20151218 144 144 10 
20151219 144 144 10 
20151220 140 140 10 
20151221 144 144 10 
20151222 144 144 10 
20151223 144 144 10 
20151224 144 144 10 
20151225 144 144 10 
20151226 128 128 10 
20151227 144 144 10 
20151228 144 144 10 
20151229 144 144 10 
20151230 55 55 10 
20151231 91 91 10 
