20150101 37 37 10 
20150102 54 54 10 
20150103 13 13 10 
20150104 63 63 10 
20150105 126 125 10 
20150106 118 118 10 
20150107 48 48 10 
20150108 34 34 10 
20150109 66 66 10 
20150110 36 36 10 
20150111 51 51 10 
20150112 53 53 10 
20150113 68 68 10 
20150114 65 65 10 
20150115 39 39 10 
20150116 22 22 10 
20150117 104 103 10 
20150118 64 64 10 
20150119 62 62 10 
20150120 120 120 10 
20150121 91 91 10 
20150122 31 31 10 
20150123 33 33 10 
20150124 3 3 10 
20150125 26 26 10 
20150126 64 64 10 
20150127 60 60 10 
20150128 127 127 10 
20150129 94 94 10 
20150130 83 83 10 
20150131 79 79 10 
20150201 130 130 10 
20150202 102 102 10 
20150203 133 133 10 
20150204 71 71 10 
20150205 65 65 10 
20150206 4 4 10 
20150207 20 20 10 
20150208 64 64 10 
20150209 10 10 10 
20150210 8 8 10 
20150211 35 35 10 
20150212 20 20 10 
20150213 92 92 10 
20150214 52 51 10 
20150215 0 0 10 
20150216 20 20 10 
20150217 17 17 10 
20150218 46 46 10 
20150219 16 16 10 
20150220 31 31 10 
20150221 36 36 10 
20150222 31 31 10 
20150223 95 94 10 
20150224 107 103 10 
20150225 3 3 10 
20150226 78 78 10 
20150227 111 110 10 
20150228 128 128 10 
20150301 134 134 10 
20150302 135 135 10 
20150303 130 129 10 
20150304 127 127 10 
20150305 132 132 10 
20150306 129 128 10 
20150307 132 132 10 
20150308 133 133 10 
20150309 130 130 10 
20150310 128 128 10 
20150311 129 129 10 
20150312 133 133 10 
20150313 132 132 10 
20150314 135 135 10 
20150315 134 134 10 
20150316 139 139 10 
20150317 134 134 10 
20150318 131 131 10 
20150319 128 128 10 
20150320 133 133 10 
20150321 134 134 10 
20150322 136 136 10 
20150323 130 130 10 
20150324 129 129 10 
20150325 129 129 10 
20150326 134 134 10 
20150327 130 130 10 
20150328 128 128 10 
20150329 133 133 10 
20150330 129 129 10 
20150331 131 131 10 
20150401 139 139 10 
20150402 127 127 10 
20150403 107 107 10 
20150404 142 142 10 
20150405 136 136 10 
20150406 133 133 10 
20150407 137 137 10 
20150408 125 125 10 
20150409 133 133 10 
20150410 130 130 10 
20150411 129 129 10 
20150412 134 134 10 
20150413 123 123 10 
20150414 134 134 10 
20150415 125 125 10 
20150416 78 78 10 
20150417 129 129 10 
20150418 134 134 10 
20150419 133 132 10 
20150420 132 132 10 
20150421 132 132 10 
20150422 137 137 10 
20150423 130 130 10 
20150424 128 128 10 
20150425 127 127 10 
20150426 133 133 10 
20150427 128 128 10 
20150428 133 133 10 
20150429 130 130 10 
20150430 130 129 10 
20150501 134 134 10 
20150502 130 130 10 
20150503 135 135 10 
20150504 128 128 10 
20150505 129 129 10 
20150506 116 116 10 
20150507 129 129 10 
20150508 128 128 10 
20150509 107 107 10 
20150510 132 132 10 
20150511 131 131 10 
20150512 133 133 10 
20150513 132 132 10 
20150514 139 139 10 
20150515 130 130 10 
20150516 135 135 10 
20150517 139 138 10 
20150518 131 131 10 
20150519 127 127 10 
20150520 130 130 10 
20150521 131 131 10 
20150522 127 127 10 
20150523 131 131 10 
20150524 133 133 10 
20150525 128 128 10 
20150526 106 106 10 
20150527 129 129 10 
20150528 137 137 10 
20150529 128 128 10 
20150530 102 102 10 
20150531 127 127 10 
20150601 130 130 10 
20150602 130 130 10 
20150603 129 129 10 
20150604 130 130 10 
20150605 122 122 10 
20150606 125 125 10 
20150607 126 126 10 
20150608 122 122 10 
20150609 131 131 10 
20150610 129 129 10 
20150611 129 129 10 
20150612 134 134 10 
20150613 134 134 10 
20150614 137 137 10 
20150615 128 128 10 
20150616 128 128 10 
20150617 131 131 10 
20150618 131 131 10 
20150619 130 129 10 
20150620 129 128 10 
20150621 144 144 10 
20150622 127 127 10 
20150623 103 103 10 
20150624 117 117 10 
20150625 124 124 10 
20150626 123 123 10 
20150627 116 116 10 
20150628 128 128 10 
20150629 122 122 10 
20150630 132 132 10 
20150701 130 130 10 
20150702 134 134 10 
20150703 130 130 10 
20150704 128 128 10 
20150705 134 134 10 
20150706 128 127 10 
20150707 132 132 10 
20150708 118 118 10 
20150709 129 129 10 
20150710 129 129 10 
20150711 133 133 10 
20150712 109 109 10 
20150713 94 94 10 
20150714 108 108 10 
20150715 128 128 10 
20150716 130 130 10 
20150717 129 129 10 
20150718 115 115 10 
20150719 137 137 10 
20150720 125 125 10 
20150721 136 136 10 
20150722 97 97 10 
20150723 99 99 10 
20150724 116 116 10 
20150725 135 135 10 
20150726 130 130 10 
20150727 133 132 10 
20150728 58 58 10 
20150729 128 128 10 
20150730 136 136 10 
20150731 130 130 10 
20150801 131 131 10 
20150802 136 136 10 
20150803 130 130 10 
20150804 121 121 10 
20150805 122 122 10 
20150806 131 131 10 
20150807 131 131 10 
20150808 133 133 10 
20150809 134 134 10 
20150810 131 131 10 
20150811 130 130 10 
20150812 113 113 10 
20150813 126 126 10 
20150814 120 120 10 
20150815 133 133 10 
20150816 136 136 10 
20150817 130 130 10 
20150818 132 132 10 
20150819 130 130 10 
20150820 136 136 10 
20150821 130 130 10 
20150822 131 131 10 
20150823 137 137 10 
20150824 105 105 10 
20150825 125 125 10 
20150826 127 127 10 
20150827 134 134 10 
20150828 129 129 10 
20150829 131 131 10 
20150830 131 131 10 
20150831 132 132 10 
20150901 132 132 10 
20150902 115 115 10 
20150903 125 125 10 
20150904 132 132 10 
20150905 110 110 10 
20150906 136 136 10 
20150907 131 131 10 
20150908 131 130 10 
20150909 130 129 10 
20150910 142 142 10 
20150911 126 126 10 
20150912 142 142 10 
20150913 135 135 10 
20150914 131 131 10 
20150915 133 133 10 
20150916 124 124 10 
20150917 132 132 10 
20150918 129 129 10 
20150919 134 134 10 
20150920 135 135 10 
20150921 129 129 10 
20150922 125 125 10 
20150923 129 129 10 
20150924 141 141 10 
20150925 138 138 10 
20150926 134 134 10 
20150927 135 135 10 
20150928 127 127 10 
20150929 133 133 10 
20150930 126 125 10 
20151001 141 141 10 
20151002 139 139 10 
20151003 128 128 10 
20151004 134 134 10 
20151005 129 128 10 
20151006 144 144 10 
20151007 139 139 10 
20151008 132 132 10 
20151009 136 136 10 
20151010 135 135 10 
20151011 132 132 10 
20151012 130 130 10 
20151013 133 133 10 
20151014 130 130 10 
20151015 135 135 10 
20151016 130 130 10 
20151017 133 133 10 
20151018 135 135 10 
20151019 127 127 10 
20151020 132 132 10 
20151021 128 128 10 
20151022 131 131 10 
20151023 129 128 10 
20151024 129 129 10 
20151025 133 131 10 
20151026 131 131 10 
20151027 130 130 10 
20151028 130 130 10 
20151029 132 132 10 
20151030 131 131 10 
20151031 134 134 10 
20151101 136 136 10 
20151102 125 125 10 
20151103 128 128 10 
20151104 129 128 10 
20151105 132 132 10 
20151106 131 131 10 
20151107 130 130 10 
20151108 135 135 10 
20151109 132 132 10 
20151110 132 132 10 
20151111 130 130 10 
20151112 128 128 10 
20151113 124 124 10 
20151114 129 128 10 
20151115 135 135 10 
20151116 130 130 10 
20151117 130 130 10 
20151118 130 130 10 
20151119 135 135 10 
20151120 130 130 10 
20151121 130 130 10 
20151122 135 135 10 
20151123 130 130 10 
20151124 133 133 10 
20151125 130 130 10 
20151126 129 128 10 
20151127 136 135 10 
20151128 132 132 10 
20151129 138 138 10 
20151130 131 130 10 
20151201 126 126 10 
20151202 130 130 10 
20151203 132 132 10 
20151204 135 135 10 
20151205 138 138 10 
20151206 133 133 10 
20151207 128 128 10 
20151208 130 130 10 
20151209 127 127 10 
20151210 130 129 10 
20151211 135 135 10 
20151212 144 144 10 
20151213 129 129 10 
20151214 133 133 10 
20151215 128 128 10 
20151216 131 130 10 
20151217 132 132 10 
20151218 129 129 10 
20151219 128 128 10 
20151220 135 135 10 
20151221 135 134 10 
20151222 144 144 10 
20151223 130 130 10 
20151224 131 131 10 
20151225 134 134 10 
20151226 130 130 10 
20151227 135 135 10 
20151228 130 130 10 
20151229 128 128 10 
20151230 139 139 10 
20151231 131 131 10 
