20150101 89 89 10 
20150102 142 142 10 
20150103 145 144 10 
20150104 104 103 10 
20150105 134 133 10 
20150106 143 143 10 
20150107 144 144 10 
20150108 71 71 10 
20150109 2 2 10 
20150110 43 43 10 
20150111 108 108 10 
20150112 52 52 10 
20150113 39 39 10 
20150114 82 82 10 
20150115 30 30 10 
20150116 59 59 10 
20150117 39 39 10 
20150118 113 113 10 
20150119 109 109 10 
20150120 74 74 10 
20150121 63 63 10 
20150122 76 76 10 
20150123 78 78 10 
20150124 98 98 10 
20150125 71 71 10 
20150126 57 57 10 
20150127 65 65 10 
20150128 78 78 10 
20150129 34 34 10 
20150130 60 60 10 
20150131 57 57 10 
20150201 64 64 10 
20150202 47 46 10 
20150203 4 4 10 
20150204 32 32 10 
20150205 67 67 10 
20150206 144 144 10 
20150207 144 144 10 
20150208 144 144 10 
20150209 86 86 10 
20150210 104 104 10 
20150211 139 139 10 
20150212 144 144 10 
20150213 144 144 10 
20150214 144 144 10 
20150215 137 137 10 
20150216 64 64 10 
20150217 83 83 10 
20150218 24 24 10 
20150219 31 31 10 
20150220 8 8 10 
20150221 24 24 10 
20150222 34 34 10 
20150223 18 18 10 
20150224 79 79 10 
20150225 87 87 10 
20150226 0 0 10 
20150227 0 0 10 
20150228 0 0 10 
20150301 0 0 10 
20150302 17 17 10 
20150303 81 80 10 
20150304 133 133 10 
20150305 1 1 10 
20150306 32 32 10 
20150307 119 119 10 
20150308 8 8 10 
20150309 0 0 10 
20150310 132 131 10 
20150311 144 144 10 
20150312 144 144 10 
20150313 145 145 10 
20150314 85 85 10 
20150315 0 0 10 
20150316 0 0 10 
20150317 0 0 10 
20150318 42 42 10 
20150319 138 138 10 
20150320 3 3 10 
20150321 9 9 10 
20150322 23 23 10 
20150323 31 31 10 
20150324 15 15 10 
20150325 0 0 10 
20150326 2 2 10 
20150327 30 30 10 
20150328 73 73 10 
20150329 37 37 10 
20150330 82 82 10 
20150331 16 16 10 
20150401 3 3 10 
20150402 20 20 10 
20150403 4 4 10 
20150404 10 10 10 
20150405 0 0 10 
20150406 15 15 10 
20150407 26 26 10 
20150408 40 40 10 
20150409 144 144 10 
20150410 85 85 10 
20150411 62 62 10 
20150412 28 28 10 
20150413 64 64 10 
20150414 109 109 10 
20150415 78 78 10 
20150416 79 79 10 
20150417 122 122 10 
20150418 136 136 10 
20150419 31 31 10 
20150420 110 110 10 
20150421 0 0 10 
20150422 0 0 10 
20150423 0 0 10 
20150424 0 0 10 
20150425 0 0 10 
20150426 0 0 10 
20150427 0 0 10 
20150428 0 0 10 
20150429 0 0 10 
20150430 0 0 10 
20150501 0 0 10 
20150502 0 0 10 
20150503 0 0 10 
20150504 0 0 10 
20150505 0 0 10 
20150506 0 0 10 
20150507 0 0 10 
20150508 0 0 10 
20150509 0 0 10 
20150510 0 0 10 
20150511 0 0 10 
20150512 0 0 10 
20150513 0 0 10 
20150514 0 0 10 
20150515 0 0 10 
20150516 0 0 10 
20150517 0 0 10 
20150518 0 0 10 
20150519 0 0 10 
20150520 0 0 10 
20150521 0 0 10 
20150522 0 0 10 
20150523 0 0 10 
20150524 0 0 10 
20150525 0 0 10 
20150526 0 0 10 
20150527 0 0 10 
20150528 0 0 10 
20150529 0 0 10 
20150530 0 0 10 
20150531 0 0 10 
20150601 0 0 10 
20150602 0 0 10 
20150603 0 0 10 
20150604 0 0 10 
20150605 0 0 10 
20150606 0 0 10 
20150607 0 0 10 
20150608 0 0 10 
20150609 0 0 10 
20150610 0 0 10 
20150611 0 0 10 
20150612 0 0 10 
20150613 0 0 10 
20150614 0 0 10 
20150615 0 0 10 
20150616 0 0 10 
20150617 0 0 10 
20150618 0 0 10 
20150619 0 0 10 
20150620 0 0 10 
20150621 0 0 10 
20150622 0 0 10 
20150623 0 0 10 
20150624 0 0 10 
20150625 0 0 10 
20150626 0 0 10 
20150627 0 0 10 
20150628 0 0 10 
20150629 0 0 10 
20150630 0 0 10 
20150701 0 0 10 
20150702 0 0 10 
20150703 0 0 10 
20150704 0 0 10 
20150705 0 0 10 
20150706 0 0 10 
20150707 0 0 10 
20150708 0 0 10 
20150709 0 0 10 
20150710 0 0 10 
20150711 0 0 10 
20150712 0 0 10 
20150713 0 0 10 
20150714 0 0 10 
20150715 0 0 10 
20150716 0 0 10 
20150717 0 0 10 
20150718 0 0 10 
20150719 0 0 10 
20150720 0 0 10 
20150721 0 0 10 
20150722 0 0 10 
20150723 0 0 10 
20150724 0 0 10 
20150725 0 0 10 
20150726 0 0 10 
20150727 0 0 10 
20150728 0 0 10 
20150729 0 0 10 
20150730 0 0 10 
20150731 0 0 10 
20150801 0 0 10 
20150802 0 0 10 
20150803 0 0 10 
20150804 0 0 10 
20150805 0 0 10 
20150806 0 0 10 
20150807 0 0 10 
20150808 0 0 10 
20150809 0 0 10 
20150810 0 0 10 
20150811 0 0 10 
20150812 0 0 10 
20150813 0 0 10 
20150814 0 0 10 
20150815 0 0 10 
20150816 0 0 10 
20150817 0 0 10 
20150818 0 0 10 
20150819 0 0 10 
20150820 0 0 10 
20150821 0 0 10 
20150822 0 0 10 
20150823 0 0 10 
20150824 0 0 10 
20150825 0 0 10 
20150826 0 0 10 
20150827 0 0 10 
20150828 0 0 10 
20150829 0 0 10 
20150830 0 0 10 
20150831 0 0 10 
20150901 0 0 10 
20150902 0 0 10 
20150903 0 0 10 
20150904 0 0 10 
20150905 0 0 10 
20150906 0 0 10 
20150907 0 0 10 
20150908 0 0 10 
20150909 0 0 10 
20150910 0 0 10 
20150911 0 0 10 
20150912 0 0 10 
20150913 0 0 10 
20150914 0 0 10 
20150915 0 0 10 
20150916 0 0 10 
20150917 0 0 10 
20150918 0 0 10 
20150919 0 0 10 
20150920 0 0 10 
20150921 0 0 10 
20150922 0 0 10 
20150923 0 0 10 
20150924 0 0 10 
20150925 0 0 10 
20150926 0 0 10 
20150927 0 0 10 
20150928 0 0 10 
20150929 0 0 10 
20150930 0 0 10 
20151001 0 0 10 
20151002 0 0 10 
20151003 0 0 10 
20151004 0 0 10 
20151005 0 0 10 
20151006 0 0 10 
20151007 0 0 10 
20151008 0 0 10 
20151009 0 0 10 
20151010 0 0 10 
20151011 0 0 10 
20151012 0 0 10 
20151013 0 0 10 
20151014 0 0 10 
20151015 0 0 10 
20151016 0 0 10 
20151017 0 0 10 
20151018 0 0 10 
20151019 0 0 10 
20151020 0 0 10 
20151021 0 0 10 
20151022 0 0 10 
20151023 0 0 10 
20151024 0 0 10 
20151025 0 0 10 
20151026 0 0 10 
20151027 0 0 10 
20151028 0 0 10 
20151029 0 0 10 
20151030 0 0 10 
20151031 0 0 10 
20151101 0 0 10 
20151102 0 0 10 
20151103 0 0 10 
20151104 0 0 10 
20151105 0 0 10 
20151106 0 0 10 
20151107 0 0 10 
20151108 0 0 10 
20151109 0 0 10 
20151110 0 0 10 
20151111 0 0 10 
20151112 0 0 10 
20151113 0 0 10 
20151114 0 0 10 
20151115 0 0 10 
20151116 0 0 10 
20151117 0 0 10 
20151118 0 0 10 
20151119 0 0 10 
20151120 0 0 10 
20151121 0 0 10 
20151122 0 0 10 
20151123 0 0 10 
20151124 0 0 10 
20151125 0 0 10 
20151126 0 0 10 
20151127 0 0 10 
20151128 0 0 10 
20151129 0 0 10 
20151130 0 0 10 
20151201 0 0 10 
20151202 0 0 10 
20151203 0 0 10 
20151204 0 0 10 
20151205 0 0 10 
20151206 0 0 10 
20151207 0 0 10 
20151208 0 0 10 
20151209 0 0 10 
20151210 0 0 10 
20151211 0 0 10 
20151212 0 0 10 
20151213 0 0 10 
20151214 0 0 10 
20151215 0 0 10 
20151216 0 0 10 
20151217 0 0 10 
20151218 0 0 10 
20151219 0 0 10 
20151220 0 0 10 
20151221 0 0 10 
20151222 0 0 10 
20151223 0 0 10 
20151224 0 0 10 
20151225 0 0 10 
20151226 0 0 10 
20151227 0 0 10 
20151228 0 0 10 
20151229 0 0 10 
20151230 0 0 10 
20151231 0 0 10 
