20150101 142 142 10 
20150102 142 142 10 
20150103 142 142 10 
20150104 142 142 10 
20150105 142 142 10 
20150106 142 142 10 
20150107 142 142 10 
20150108 142 142 10 
20150109 142 142 10 
20150110 142 142 10 
20150111 143 142 10 
20150112 142 142 10 
20150113 142 142 10 
20150114 142 142 10 
20150115 142 142 10 
20150116 142 142 10 
20150117 142 142 10 
20150118 142 142 10 
20150119 143 142 10 
20150120 142 142 10 
20150121 142 142 10 
20150122 142 142 10 
20150123 142 142 10 
20150124 0 0 10 
20150125 0 0 10 
20150126 4 4 10 
20150127 142 142 10 
20150128 142 142 10 
20150129 141 141 10 
20150130 142 142 10 
20150131 142 142 10 
20150201 6 6 10 
20150202 137 137 10 
20150203 144 144 10 
20150204 144 144 10 
20150205 145 145 10 
20150206 144 144 10 
20150207 144 144 10 
20150208 144 144 10 
20150209 144 144 10 
20150210 144 144 10 
20150211 144 144 10 
20150212 144 144 10 
20150213 144 144 10 
20150214 144 144 10 
20150215 144 144 10 
20150216 144 144 10 
20150217 144 144 10 
20150218 145 144 10 
20150219 144 144 10 
20150220 144 144 10 
20150221 145 145 10 
20150222 144 144 10 
20150223 144 144 10 
20150224 144 144 10 
20150225 145 145 10 
20150226 144 144 10 
20150227 144 144 10 
20150228 145 145 10 
20150301 144 144 10 
20150302 144 144 10 
20150303 144 144 10 
20150304 144 144 10 
20150305 144 144 10 
20150306 144 144 10 
20150307 144 144 10 
20150308 144 144 10 
20150309 144 144 10 
20150310 144 144 10 
20150311 144 144 10 
20150312 144 144 10 
20150313 144 144 10 
20150314 144 144 10 
20150315 144 144 10 
20150316 144 144 10 
20150317 144 144 10 
20150318 144 144 10 
20150319 144 144 10 
20150320 144 144 10 
20150321 144 144 10 
20150322 144 144 10 
20150323 144 144 10 
20150324 144 144 10 
20150325 144 144 10 
20150326 144 144 10 
20150327 144 144 10 
20150328 144 144 10 
20150329 144 144 10 
20150330 144 144 10 
20150331 144 144 10 
20150401 144 144 10 
20150402 144 144 10 
20150403 144 144 10 
20150404 144 144 10 
20150405 144 144 10 
20150406 144 144 10 
20150407 144 144 10 
20150408 144 144 10 
20150409 145 144 10 
20150410 144 144 10 
20150411 144 144 10 
20150412 144 144 10 
20150413 144 144 10 
20150414 144 144 10 
20150415 144 144 10 
20150416 145 144 10 
20150417 145 144 10 
20150418 144 144 10 
20150419 144 144 10 
20150420 144 144 10 
20150421 144 144 10 
20150422 144 144 10 
20150423 145 145 10 
20150424 144 144 10 
20150425 144 144 10 
20150426 144 144 10 
20150427 144 144 10 
20150428 144 144 10 
20150429 144 144 10 
20150430 144 144 10 
20150501 144 144 10 
20150502 144 144 10 
20150503 144 144 10 
20150504 127 127 10 
20150505 131 131 10 
20150506 116 116 10 
20150507 117 117 10 
20150508 144 144 10 
20150509 144 144 10 
20150510 144 144 10 
20150511 144 144 10 
20150512 144 144 10 
20150513 144 144 10 
20150514 144 144 10 
20150515 144 144 10 
20150516 144 144 10 
20150517 144 144 10 
20150518 144 144 10 
20150519 144 144 10 
20150520 144 144 10 
20150521 144 144 10 
20150522 144 144 10 
20150523 144 144 10 
20150524 144 144 10 
20150525 144 144 10 
20150526 144 144 10 
20150527 144 144 10 
20150528 144 144 10 
20150529 144 144 10 
20150530 144 144 10 
20150531 144 144 10 
20150601 144 144 10 
20150602 144 144 10 
20150603 144 144 10 
20150604 144 144 10 
20150605 144 144 10 
20150606 144 144 10 
20150607 144 144 10 
20150608 144 144 10 
20150609 144 144 10 
20150610 144 144 10 
20150611 144 144 10 
20150612 144 144 10 
20150613 144 144 10 
20150614 144 144 10 
20150615 144 144 10 
20150616 144 144 10 
20150617 146 146 10 
20150618 144 144 10 
20150619 145 144 10 
20150620 144 144 10 
20150621 144 144 10 
20150622 144 144 10 
20150623 144 144 10 
20150624 145 145 10 
20150625 144 144 10 
20150626 144 144 10 
20150627 144 144 10 
20150628 144 144 10 
20150629 144 144 10 
20150630 144 144 10 
20150701 145 144 10 
20150702 144 144 10 
20150703 144 144 10 
20150704 144 144 10 
20150705 144 144 10 
20150706 144 144 10 
20150707 144 144 10 
20150708 144 144 10 
20150709 145 144 10 
20150710 144 144 10 
20150711 144 144 10 
20150712 144 144 10 
20150713 144 144 10 
20150714 145 145 10 
20150715 144 144 10 
20150716 144 144 10 
20150717 144 144 10 
20150718 144 144 10 
20150719 144 144 10 
20150720 144 144 10 
20150721 144 144 10 
20150722 144 144 10 
20150723 144 144 10 
20150724 144 144 10 
20150725 144 144 10 
20150726 144 144 10 
20150727 144 144 10 
20150728 144 144 10 
20150729 144 144 10 
20150730 144 144 10 
20150731 144 144 10 
20150801 144 144 10 
20150802 144 144 10 
20150803 144 144 10 
20150804 144 144 10 
20150805 144 144 10 
20150806 145 144 10 
20150807 144 144 10 
20150808 144 144 10 
20150809 144 144 10 
20150810 144 144 10 
20150811 146 146 10 
20150812 144 144 10 
20150813 145 145 10 
20150814 145 144 10 
20150815 144 144 10 
20150816 144 144 10 
20150817 144 144 10 
20150818 144 144 10 
20150819 144 144 10 
20150820 144 144 10 
20150821 144 144 10 
20150822 144 144 10 
20150823 144 144 10 
20150824 146 145 10 
20150825 144 144 10 
20150826 144 144 10 
20150827 144 144 10 
20150828 144 144 10 
20150829 144 144 10 
20150830 144 144 10 
20150831 144 144 10 
20150901 144 144 10 
20150902 144 144 10 
20150903 144 144 10 
20150904 144 144 10 
20150905 144 144 10 
20150906 144 144 10 
20150907 144 144 10 
20150908 144 144 10 
20150909 144 144 10 
20150910 144 144 10 
20150911 144 144 10 
20150912 144 144 10 
20150913 144 144 10 
20150914 144 144 10 
20150915 144 144 10 
20150916 144 144 10 
20150917 144 144 10 
20150918 144 144 10 
20150919 144 144 10 
20150920 144 144 10 
20150921 144 144 10 
20150922 144 144 10 
20150923 144 144 10 
20150924 145 145 10 
20150925 144 144 10 
20150926 144 144 10 
20150927 144 144 10 
20150928 145 145 10 
20150929 144 144 10 
20150930 144 144 10 
20151001 144 144 10 
20151002 144 144 10 
20151003 144 144 10 
20151004 145 145 10 
20151005 143 143 10 
20151006 144 144 10 
20151007 144 144 10 
20151008 144 144 10 
20151009 144 144 10 
20151010 144 144 10 
20151011 144 144 10 
20151012 144 144 10 
20151013 144 144 10 
20151014 144 144 10 
20151015 144 144 10 
20151016 144 144 10 
20151017 144 144 10 
20151018 144 144 10 
20151019 144 144 10 
20151020 133 133 10 
20151021 94 94 10 
20151022 91 91 10 
20151023 116 116 10 
20151024 144 144 10 
20151025 144 144 10 
20151026 144 144 10 
20151027 144 144 10 
20151028 144 144 10 
20151029 144 144 10 
20151030 144 144 10 
20151031 144 144 10 
20151101 144 144 10 
20151102 144 144 10 
20151103 145 144 10 
20151104 144 144 10 
20151105 144 144 10 
20151106 144 144 10 
20151107 144 144 10 
20151108 144 144 10 
20151109 144 144 10 
20151110 144 144 10 
20151111 144 144 10 
20151112 144 144 10 
20151113 144 144 10 
20151114 144 144 10 
20151115 144 144 10 
20151116 144 144 10 
20151117 144 144 10 
20151118 145 145 10 
20151119 144 144 10 
20151120 144 144 10 
20151121 144 144 10 
20151122 144 144 10 
20151123 144 144 10 
20151124 144 144 10 
20151125 144 144 10 
20151126 144 144 10 
20151127 144 144 10 
20151128 144 144 10 
20151129 144 144 10 
20151130 144 144 10 
20151201 144 144 10 
20151202 144 144 10 
20151203 144 144 10 
20151204 144 144 10 
20151205 144 144 10 
20151206 144 144 10 
20151207 144 144 10 
20151208 144 144 10 
20151209 144 144 10 
20151210 144 144 10 
20151211 144 144 10 
20151212 144 144 10 
20151213 144 144 10 
20151214 144 144 10 
20151215 144 144 10 
20151216 144 144 10 
20151217 144 144 10 
20151218 144 144 10 
20151219 144 144 10 
20151220 144 144 10 
20151221 145 145 10 
20151222 144 144 10 
20151223 144 144 10 
20151224 144 144 10 
20151225 144 144 10 
20151226 144 144 10 
20151227 144 144 10 
20151228 144 144 10 
20151229 144 144 10 
20151230 144 144 10 
20151231 144 144 10 
