26671,invalid character encountered in ray encoding 
7797,scan data overflow (ascii rle) 
4539,scan data overflow (ascii abs) 
3157,corrupt scan detected (3) 
2369,invalid ascii ray header 
1784, 
1465,scan data overflow (ascii delta) 
439,scan data overflow (too many rays) 
68,missing mandatory header PRODUCT 
52,missing mandatory header IMGFMT 
51,missing mandatory header STNID 
43,missing mandatory header ANGRES 
38,missing mandatory header RNGRES 
30,missing mandatory header STARTRNG 
17,invalid PASS header 
12,missing mandatory header ENDRNG 
5,corrupt scan detected (5) 
4,corrupt scan detected (1) 
2,stod 
1,RNGRES is not a factor of range span 
