20150101 124 124 10 
20150102 134 134 10 
20150103 132 132 10 
20150104 128 128 10 
20150105 129 129 10 
20150106 123 123 10 
20150107 128 128 10 
20150108 129 129 10 
20150109 116 116 10 
20150110 126 125 10 
20150111 129 129 10 
20150112 125 125 10 
20150113 125 125 10 
20150114 127 127 10 
20150115 128 128 10 
20150116 128 128 10 
20150117 126 126 10 
20150118 124 124 10 
20150119 132 132 10 
20150120 124 124 10 
20150121 125 125 10 
20150122 117 117 10 
20150123 125 125 10 
20150124 127 127 10 
20150125 126 126 10 
20150126 127 127 10 
20150127 130 129 10 
20150128 127 127 10 
20150129 123 123 10 
20150130 126 126 10 
20150131 127 127 10 
20150201 129 129 10 
20150202 130 130 10 
20150203 119 119 10 
20150204 119 119 10 
20150205 126 126 10 
20150206 128 128 10 
20150207 126 126 10 
20150208 128 128 10 
20150209 123 123 10 
20150210 124 124 10 
20150211 124 124 10 
20150212 136 136 10 
20150213 130 130 10 
20150214 126 126 10 
20150215 129 129 10 
20150216 123 123 10 
20150217 129 129 10 
20150218 126 126 10 
20150219 125 125 10 
20150220 124 124 10 
20150221 127 127 10 
20150222 127 127 10 
20150223 124 124 10 
20150224 123 123 10 
20150225 131 131 10 
20150226 128 128 10 
20150227 126 126 10 
20150228 126 126 10 
20150301 127 127 10 
20150302 129 129 10 
20150303 126 126 10 
20150304 127 127 10 
20150305 126 126 10 
20150306 128 128 10 
20150307 128 128 10 
20150308 130 130 10 
20150309 125 125 10 
20150310 126 126 10 
20150311 124 123 10 
20150312 125 125 10 
20150313 119 119 10 
20150314 126 126 10 
20150315 129 129 10 
20150316 127 127 10 
20150317 131 130 10 
20150318 126 126 10 
20150319 124 124 10 
20150320 126 126 10 
20150321 128 128 10 
20150322 129 129 10 
20150323 128 128 10 
20150324 128 128 10 
20150325 124 124 10 
20150326 129 129 10 
20150327 125 125 10 
20150328 125 125 10 
20150329 125 125 10 
20150330 128 128 10 
20150331 131 131 10 
20150401 134 134 10 
20150402 128 128 10 
20150403 125 125 10 
20150404 130 130 10 
20150405 127 127 10 
20150406 124 124 10 
20150407 129 129 10 
20150408 125 125 10 
20150409 122 122 10 
20150410 126 126 10 
20150411 125 125 10 
20150412 127 127 10 
20150413 127 127 10 
20150414 129 129 10 
20150415 130 130 10 
20150416 129 129 10 
20150417 128 128 10 
20150418 123 123 10 
20150419 128 128 10 
20150420 125 125 10 
20150421 126 126 10 
20150422 129 129 10 
20150423 123 123 10 
20150424 128 128 10 
20150425 129 129 10 
20150426 126 126 10 
20150427 127 126 10 
20150428 126 126 10 
20150429 128 128 10 
20150430 128 128 10 
20150501 129 129 10 
20150502 128 128 10 
20150503 126 126 10 
20150504 129 129 10 
20150505 127 127 10 
20150506 130 130 10 
20150507 128 128 10 
20150508 126 126 10 
20150509 125 125 10 
20150510 128 128 10 
20150511 126 125 10 
20150512 131 131 10 
20150513 128 128 10 
20150514 128 128 10 
20150515 127 127 10 
20150516 124 124 10 
20150517 126 126 10 
20150518 124 124 10 
20150519 129 129 10 
20150520 122 122 10 
20150521 124 124 10 
20150522 129 129 10 
20150523 127 127 10 
20150524 128 128 10 
20150525 124 123 10 
20150526 126 126 10 
20150527 124 124 10 
20150528 116 116 10 
20150529 124 124 10 
20150530 128 128 10 
20150531 127 127 10 
20150601 125 125 10 
20150602 128 128 10 
20150603 125 125 10 
20150604 126 126 10 
20150605 133 133 10 
20150606 127 127 10 
20150607 129 129 10 
20150608 128 128 10 
20150609 129 129 10 
20150610 129 129 10 
20150611 122 122 10 
20150612 126 126 10 
20150613 128 128 10 
20150614 128 128 10 
20150615 130 130 10 
20150616 126 126 10 
20150617 128 128 10 
20150618 122 122 10 
20150619 129 129 10 
20150620 128 128 10 
20150621 128 128 10 
20150622 127 127 10 
20150623 126 126 10 
20150624 126 126 10 
20150625 129 129 10 
20150626 127 127 10 
20150627 126 126 10 
20150628 128 128 10 
20150629 123 123 10 
20150630 127 127 10 
20150701 123 123 10 
20150702 116 116 10 
20150703 124 124 10 
20150704 127 127 10 
20150705 125 125 10 
20150706 128 128 10 
20150707 130 130 10 
20150708 119 119 10 
20150709 125 125 10 
20150710 128 128 10 
20150711 124 124 10 
20150712 127 127 10 
20150713 130 130 10 
20150714 126 126 10 
20150715 129 129 10 
20150716 130 130 10 
20150717 126 126 10 
20150718 127 127 10 
20150719 126 126 10 
20150720 130 130 10 
20150721 124 124 10 
20150722 127 127 10 
20150723 126 126 10 
20150724 127 127 10 
20150725 129 129 10 
20150726 126 126 10 
20150727 128 128 10 
20150728 127 127 10 
20150729 114 114 10 
20150730 128 128 10 
20150731 127 127 10 
20150801 127 127 10 
20150802 129 129 10 
20150803 126 126 10 
20150804 129 129 10 
20150805 129 129 10 
20150806 128 128 10 
20150807 129 129 10 
20150808 127 127 10 
20150809 130 130 10 
20150810 130 130 10 
20150811 132 131 10 
20150812 124 124 10 
20150813 126 126 10 
20150814 128 128 10 
20150815 129 129 10 
20150816 128 128 10 
20150817 126 126 10 
20150818 126 126 10 
20150819 127 127 10 
20150820 124 124 10 
20150821 128 128 10 
20150822 128 128 10 
20150823 124 124 10 
20150824 125 125 10 
20150825 117 117 10 
20150826 128 128 10 
20150827 131 131 10 
20150828 129 129 10 
20150829 126 126 10 
20150830 127 127 10 
20150831 129 129 10 
20150901 125 125 10 
20150902 131 131 10 
20150903 131 131 10 
20150904 129 129 10 
20150905 127 127 10 
20150906 123 123 10 
20150907 128 128 10 
20150908 128 128 10 
20150909 32 32 10 
20150910 0 0 10 
20150911 94 94 10 
20150912 127 127 10 
20150913 126 126 10 
20150914 138 138 10 
20150915 131 131 10 
20150916 128 128 10 
20150917 131 131 10 
20150918 128 128 10 
20150919 127 127 10 
20150920 129 129 10 
20150921 127 127 10 
20150922 129 129 10 
20150923 131 131 10 
20150924 128 128 10 
20150925 127 127 10 
20150926 124 124 10 
20150927 127 127 10 
20150928 126 126 10 
20150929 129 129 10 
20150930 126 126 10 
20151001 124 124 10 
20151002 129 129 10 
20151003 131 131 10 
20151004 126 126 10 
20151005 127 127 10 
20151006 129 129 10 
20151007 128 128 10 
20151008 130 130 10 
20151009 131 130 10 
20151010 129 129 10 
20151011 132 132 10 
20151012 130 130 10 
20151013 127 127 10 
20151014 128 128 10 
20151015 121 121 10 
20151016 127 127 10 
20151017 129 128 10 
20151018 133 133 10 
20151019 132 131 10 
20151020 109 108 10 
20151021 48 48 10 
20151022 88 88 10 
20151023 115 114 10 
20151024 95 95 10 
20151025 128 128 10 
20151026 125 125 10 
20151027 130 130 10 
20151028 130 130 10 
20151029 130 130 10 
20151030 126 126 10 
20151031 127 127 10 
20151101 127 127 10 
20151102 128 128 10 
20151103 133 132 10 
20151104 129 129 10 
20151105 129 129 10 
20151106 130 130 10 
20151107 129 129 10 
20151108 128 128 10 
20151109 129 129 10 
20151110 108 108 10 
20151111 112 112 10 
20151112 128 128 10 
20151113 130 130 10 
20151114 130 130 10 
20151115 127 127 10 
20151116 122 122 10 
20151117 127 127 10 
20151118 124 123 10 
20151119 124 124 10 
20151120 132 132 10 
20151121 130 129 10 
20151122 130 130 10 
20151123 126 126 10 
20151124 129 129 10 
20151125 120 120 10 
20151126 129 129 10 
20151127 126 126 10 
20151128 124 124 10 
20151129 129 129 10 
20151130 46 46 10 
20151201 0 0 10 
20151202 100 100 10 
20151203 128 128 10 
20151204 128 128 10 
20151205 126 126 10 
20151206 122 122 10 
20151207 129 129 10 
20151208 129 129 10 
20151209 129 129 10 
20151210 126 126 10 
20151211 129 129 10 
20151212 129 129 10 
20151213 129 129 10 
20151214 130 130 10 
20151215 126 126 10 
20151216 128 128 10 
20151217 129 129 10 
20151218 125 125 10 
20151219 124 124 10 
20151220 127 127 10 
20151221 126 126 10 
20151222 135 135 10 
20151223 128 128 10 
20151224 127 127 10 
20151225 125 125 10 
20151226 128 128 10 
20151227 130 130 10 
20151228 127 127 10 
20151229 126 126 10 
20151230 123 123 10 
20151231 1 1 10 
