19970101 0 0 0 0 0 
19970102 0 0 0 0 0 
19970103 0 0 0 0 0 
19970104 0 0 0 0 0 
19970105 0 0 0 0 0 
19970106 0 0 0 0 0 
19970107 0 0 0 0 0 
19970108 0 0 0 0 0 
19970109 0 0 0 0 0 
19970110 0 0 0 0 0 
19970111 0 0 0 0 0 
19970112 0 0 0 0 0 
19970113 0 0 0 0 0 
19970114 0 0 0 0 0 
19970115 0 0 0 0 0 
19970116 0 0 0 0 0 
19970117 0 0 0 0 0 
19970118 0 0 0 0 0 
19970119 0 0 0 0 0 
19970120 0 0 0 0 0 
19970121 0 0 0 0 0 
19970122 0 0 0 0 0 
19970123 0 0 0 0 0 
19970124 0 0 0 0 0 
19970125 0 0 0 0 0 
19970126 0 0 0 0 0 
19970127 0 0 0 0 0 
19970128 0 0 0 0 0 
19970129 0 0 0 0 0 
19970130 0 0 0 0 0 
19970131 0 0 0 0 0 
19970201 0 0 0 0 0 
19970202 0 0 0 0 0 
19970203 0 0 0 0 0 
19970204 0 0 0 0 0 
19970205 0 0 0 0 0 
19970206 0 0 0 0 0 
19970207 0 0 0 0 0 
19970208 0 0 0 0 0 
19970209 0 0 0 0 0 
19970210 0 0 0 0 0 
19970211 0 0 0 0 0 
19970212 0 0 0 0 0 
19970213 0 0 0 0 0 
19970214 0 0 0 0 0 
19970215 0 0 0 0 0 
19970216 0 0 0 0 0 
19970217 0 0 0 0 0 
19970218 0 0 0 0 0 
19970219 0 0 0 0 0 
19970220 0 0 0 0 0 
19970221 0 0 0 0 0 
19970222 0 0 0 0 0 
19970223 0 0 0 0 0 
19970224 0 0 0 0 0 
19970225 0 0 0 0 0 
19970226 0 0 0 0 0 
19970227 0 0 0 0 0 
19970228 0 0 0 0 0 
19970301 0 0 0 0 0 
19970302 0 0 0 0 0 
19970303 0 0 0 0 0 
19970304 0 0 0 0 0 
19970305 0 0 0 0 0 
19970306 0 0 0 0 0 
19970307 0 0 0 0 0 
19970308 0 0 0 0 0 
19970309 0 0 0 0 0 
19970310 0 0 0 0 0 
19970311 0 0 0 0 0 
19970312 0 0 0 0 0 
19970313 0 0 0 0 0 
19970314 0 0 0 0 0 
19970315 0 0 0 0 0 
19970316 0 0 0 0 0 
19970317 0 0 0 0 0 
19970318 0 0 0 0 0 
19970319 0 0 0 0 0 
19970320 0 0 0 0 0 
19970321 0 0 0 0 0 
19970322 0 0 0 0 0 
19970323 0 0 0 0 0 
19970324 0 0 0 0 0 
19970325 0 0 0 0 0 
19970326 0 0 0 0 0 
19970327 0 0 0 0 0 
19970328 0 0 0 0 0 
19970329 0 0 0 0 0 
19970330 0 0 0 0 0 
19970331 0 0 0 0 0 
19970401 0 0 0 0 0 
19970402 0 0 0 0 0 
19970403 0 0 0 0 0 
19970404 0 0 0 0 0 
19970405 0 0 0 0 0 
19970406 0 0 0 0 0 
19970407 0 0 0 0 0 
19970408 0 0 0 0 0 
19970409 0 0 0 0 0 
19970410 0 0 0 0 0 
19970411 0 0 0 0 0 
19970412 0 0 0 0 0 
19970413 0 0 0 0 0 
19970414 0 0 0 0 0 
19970415 0 0 0 0 0 
19970416 0 0 0 0 0 
19970417 0 0 0 0 0 
19970418 0 0 0 0 0 
19970419 0 0 0 0 0 
19970420 0 0 0 0 0 
19970421 0 0 0 0 0 
19970422 0 0 0 0 0 
19970423 0 0 0 0 0 
19970424 0 0 0 0 0 
19970425 0 0 0 0 0 
19970426 0 0 0 0 0 
19970427 0 0 0 0 0 
19970428 0 0 0 0 0 
19970429 0 0 0 0 0 
19970430 0 0 0 0 0 
19970501 0 0 0 0 0 
19970502 0 0 0 0 0 
19970503 0 0 0 0 0 
19970504 0 0 0 0 0 
19970505 0 0 0 0 0 
19970506 0 0 0 0 0 
19970507 0 0 0 0 0 
19970508 0 0 0 0 0 
19970509 0 0 0 0 0 
19970510 0 0 0 0 0 
19970511 0 0 0 0 0 
19970512 0 0 0 0 0 
19970513 0 0 0 0 0 
19970514 0 0 0 0 0 
19970515 0 0 0 0 0 
19970516 0 0 0 0 0 
19970517 0 0 0 0 0 
19970518 0 0 0 0 0 
19970519 0 0 0 0 0 
19970520 0 0 0 0 0 
19970521 0 0 0 0 0 
19970522 0 0 0 0 0 
19970523 0 0 0 0 0 
19970524 0 0 0 0 0 
19970525 0 0 0 0 0 
19970526 0 0 0 0 0 
19970527 0 0 0 0 0 
19970528 0 0 0 0 0 
19970529 0 0 0 0 0 
19970530 0 0 0 0 0 
19970531 0 0 0 0 0 
19970601 0 0 0 0 0 
19970602 0 0 0 0 0 
19970603 0 0 0 0 0 
19970604 0 0 0 0 0 
19970605 0 0 0 0 0 
19970606 0 0 0 0 0 
19970607 0 0 0 0 0 
19970608 0 0 0 0 0 
19970609 0 0 0 0 0 
19970610 0 0 0 0 0 
19970611 0 0 0 0 0 
19970612 0 0 0 0 0 
19970613 0 0 0 0 0 
19970614 0 0 0 0 0 
19970615 0 0 0 0 0 
19970616 0 0 0 0 0 
19970617 0 0 0 0 0 
19970618 0 0 0 0 0 
19970619 0 0 0 0 0 
19970620 0 0 0 0 0 
19970621 6 6 10 84 16 
19970622 144 144 10 733 16 
19970623 144 144 10 392 16 
19970624 144 144 10 235 16 
19970625 144 143 10 1017 16 
19970626 144 144 10 146 16 
19970627 144 144 10 316 16 
19970628 144 144 10 651 16 
19970629 143 143 10 506 16 
19970630 14 14 10 55 16 
19970701 6 6 10 613 16 
19970702 0 0 0 0 0 
19970703 0 0 0 0 0 
19970704 0 0 0 0 0 
19970705 0 0 0 0 0 
19970706 0 0 0 0 0 
19970707 0 0 0 0 0 
19970708 0 0 0 0 0 
19970709 0 0 0 0 0 
19970710 0 0 0 0 0 
19970711 0 0 0 0 0 
19970712 0 0 0 0 0 
19970713 0 0 0 0 0 
19970714 0 0 0 0 0 
19970715 0 0 0 0 0 
19970716 0 0 0 0 0 
19970717 0 0 0 0 0 
19970718 0 0 0 0 0 
19970719 0 0 0 0 0 
19970720 0 0 0 0 0 
19970721 0 0 0 0 0 
19970722 0 0 0 0 0 
19970723 0 0 0 0 0 
19970724 0 0 0 0 0 
19970725 0 0 0 0 0 
19970726 0 0 0 0 0 
19970727 0 0 0 0 0 
19970728 143 143 10 1168 16 
19970729 144 144 10 267 16 
19970730 144 144 10 94 16 
19970731 123 123 10 418 16 
19970801 144 144 10 100 16 
19970802 112 112 10 312 16 
19970803 0 0 0 0 0 
19970804 0 0 0 0 0 
19970805 0 0 0 0 0 
19970806 0 0 0 0 0 
19970807 9 9 10 1521 16 
19970808 143 143 10 1771 16 
19970809 144 144 10 175 16 
19970810 144 144 10 343 16 
19970811 143 143 10 202 16 
19970812 138 137 10 840 16 
19970813 144 144 10 395 16 
19970814 144 144 10 197 16 
19970815 144 143 10 884 16 
19970816 144 144 10 155 16 
19970817 144 144 10 171 16 
19970818 57 57 10 273 16 
19970819 144 144 10 197 16 
19970820 142 142 10 800 16 
19970821 144 144 10 448 16 
19970822 144 144 10 140 16 
19970823 144 144 10 513 16 
19970824 144 144 10 287 16 
19970825 144 144 10 538 16 
19970826 143 143 10 1409 16 
19970827 144 144 10 385 16 
19970828 144 144 10 275 16 
19970829 144 144 10 166 16 
19970830 142 142 10 1646 16 
19970831 143 143 10 235 16 
19970901 144 144 10 630 16 
19970902 143 143 10 1967 16 
19970903 144 144 10 503 16 
19970904 144 144 10 705 16 
19970905 144 144 10 311 16 
19970906 143 143 10 1371 16 
19970907 144 144 10 252 16 
19970908 144 144 10 237 16 
19970909 144 144 10 139 16 
19970910 141 141 10 152 16 
19970911 143 143 10 248 16 
19970912 143 143 10 1358 16 
19970913 144 144 10 194 16 
19970914 144 144 10 296 16 
19970915 144 144 10 292 16 
19970916 144 144 10 458 16 
19970917 144 144 10 284 16 
19970918 143 143 10 255 16 
19970919 143 143 10 1922 16 
19970920 144 144 10 876 16 
19970921 143 143 10 339 16 
19970922 138 138 10 214 16 
19970923 139 139 10 1357 16 
19970924 144 144 10 379 16 
19970925 143 143 10 526 16 
19970926 143 143 10 205 16 
19970927 142 142 10 408 16 
19970928 144 144 10 715 16 
19970929 143 143 10 362 16 
19970930 144 144 10 162 16 
19971001 145 144 10 1156 16 
19971002 143 142 10 1006 16 
19971003 144 144 10 229 16 
19971004 143 143 10 1607 16 
19971005 143 143 10 650 16 
19971006 143 143 10 1461 16 
19971007 99 99 10 1687 16 
19971008 142 140 10 1632 0 
19971009 144 144 10 272 16 
19971010 117 117 10 311 16 
19971011 0 0 0 0 0 
19971012 0 0 0 0 0 
19971013 0 0 0 0 0 
19971014 0 0 0 0 0 
19971015 3 3 10 136 16 
19971016 144 144 10 160 16 
19971017 141 141 10 241 16 
19971018 117 117 10 527 16 
19971019 139 139 10 1833 16 
19971020 78 78 10 734 16 
19971021 70 69 10 2652 16 
19971022 136 136 10 1601 16 
19971023 106 106 10 431 16 
19971024 15 15 10 49 16 
19971025 94 94 10 257 16 
19971026 143 143 10 1454 16 
19971027 4 3 10 0 16 
19971028 14 14 10 163 16 
19971029 142 141 10 1715 16 
19971030 144 144 10 346 16 
19971031 143 143 10 526 16 
19971101 144 144 10 762 16 
19971102 144 143 10 1264 16 
19971103 144 144 10 599 16 
19971104 143 143 10 818 16 
19971105 9 9 10 2924 16 
19971106 144 144 10 827 16 
19971107 143 118 10 9099 16 
19971108 143 70 10 11658 16 
19971109 143 51 10 10420 16 
19971110 141 74 10 9134 16 
19971111 113 80 10 14269 16 
19971112 103 64 10 26925 16 
19971113 54 38 10 5680 16 
19971114 143 143 10 1341 16 
19971115 143 142 10 2199 16 
19971116 44 44 10 1561 16 
19971117 143 143 10 1932 16 
19971118 53 53 10 581 16 
19971119 109 109 10 3601 16 
19971120 144 144 10 506 16 
19971121 143 143 10 215 16 
19971122 144 144 10 240 16 
19971123 144 144 10 421 16 
19971124 144 144 10 204 16 
19971125 144 144 10 703 16 
19971126 101 101 10 422 16 
19971127 100 100 10 345 16 
19971128 52 52 10 2667 16 
19971129 143 143 10 1571 16 
19971130 141 140 10 1407 0 
19971201 144 144 10 432 16 
19971202 144 144 10 371 16 
19971203 144 144 10 282 16 
19971204 144 144 10 349 16 
19971205 144 144 10 615 16 
19971206 144 144 10 506 16 
19971207 144 144 10 658 16 
19971208 142 142 10 1518 16 
19971209 144 144 10 1047 16 
19971210 139 139 10 467 16 
19971211 144 144 10 275 16 
19971212 143 142 10 942 16 
19971213 98 97 10 350 0 
19971214 83 83 10 1060 16 
19971215 144 144 10 395 16 
19971216 144 144 10 159 16 
19971217 143 142 10 909 16 
19971218 4 4 10 745 16 
19971219 121 121 10 721 16 
19971220 143 143 10 2014 16 
19971221 144 143 10 1329 16 
19971222 126 124 10 2579 16 
19971223 140 139 10 2268 16 
19971224 63 63 10 1422 16 
19971225 115 115 10 237 16 
19971226 144 144 10 286 16 
19971227 142 141 10 2541 16 
19971228 144 144 10 642 16 
19971229 144 144 10 389 16 
19971230 144 144 10 183 16 
19971231 144 144 10 196 16 
