20150101 6 6 10 
20150102 104 104 10 
20150103 104 104 10 
20150104 114 114 10 
20150105 100 99 10 
20150106 101 100 10 
20150107 103 103 10 
20150108 103 103 10 
20150109 99 99 10 
20150110 94 94 10 
20150111 105 105 10 
20150112 105 105 10 
20150113 120 120 10 
20150114 114 114 10 
20150115 103 103 10 
20150116 109 109 10 
20150117 118 118 10 
20150118 124 124 10 
20150119 107 106 10 
20150120 113 112 10 
20150121 114 114 10 
20150122 107 107 10 
20150123 97 96 10 
20150124 109 109 10 
20150125 120 120 10 
20150126 24 24 10 
20150127 91 91 10 
20150128 72 72 10 
20150129 104 104 10 
20150130 113 113 10 
20150131 112 112 10 
20150201 103 103 10 
20150202 111 111 10 
20150203 109 109 10 
20150204 96 96 10 
20150205 73 73 10 
20150206 110 110 10 
20150207 103 103 10 
20150208 104 103 10 
20150209 106 104 10 
20150210 103 103 10 
20150211 103 103 10 
20150212 101 101 10 
20150213 81 81 10 
20150214 120 120 10 
20150215 105 105 10 
20150216 117 117 10 
20150217 127 127 10 
20150218 123 123 10 
20150219 126 126 10 
20150220 135 135 10 
20150221 128 128 10 
20150222 127 127 10 
20150223 125 125 10 
20150224 121 121 10 
20150225 108 108 10 
20150226 105 105 10 
20150227 128 128 10 
20150228 125 125 10 
20150301 126 126 10 
20150302 75 75 10 
20150303 125 125 10 
20150304 128 128 10 
20150305 126 126 10 
20150306 129 129 10 
20150307 126 126 10 
20150308 128 128 10 
20150309 127 127 10 
20150310 76 76 10 
20150311 136 136 10 
20150312 126 126 10 
20150313 136 136 10 
20150314 128 127 10 
20150315 129 129 10 
20150316 114 114 10 
20150317 42 42 10 
20150318 92 92 10 
20150319 29 29 10 
20150320 129 129 10 
20150321 127 127 10 
20150322 87 87 10 
20150323 98 98 10 
20150324 48 48 10 
20150325 122 122 10 
20150326 102 102 10 
20150327 93 93 10 
20150328 124 124 10 
20150329 125 125 10 
20150330 126 126 10 
20150331 126 126 10 
20150401 126 126 10 
20150402 127 126 10 
20150403 123 123 10 
20150404 131 131 10 
20150405 100 100 10 
20150406 126 126 10 
20150407 127 127 10 
20150408 127 127 10 
20150409 127 127 10 
20150410 126 126 10 
20150411 128 128 10 
20150412 102 102 10 
20150413 92 92 10 
20150414 128 128 10 
20150415 124 124 10 
20150416 127 127 10 
20150417 128 128 10 
20150418 129 129 10 
20150419 126 126 10 
20150420 124 124 10 
20150421 94 94 10 
20150422 89 89 10 
20150423 123 123 10 
20150424 133 133 10 
20150425 126 126 10 
20150426 125 125 10 
20150427 128 128 10 
20150428 125 125 10 
20150429 126 126 10 
20150430 104 104 10 
20150501 95 95 10 
20150502 129 129 10 
20150503 129 129 10 
20150504 128 128 10 
20150505 124 122 10 
20150506 127 127 10 
20150507 127 127 10 
20150508 125 124 10 
20150509 93 92 10 
20150510 125 125 10 
20150511 128 128 10 
20150512 130 130 10 
20150513 136 135 10 
20150514 123 123 10 
20150515 120 120 10 
20150516 125 125 10 
20150517 77 77 10 
20150518 78 78 10 
20150519 127 127 10 
20150520 105 105 10 
20150521 128 128 10 
20150522 114 114 10 
20150523 111 111 10 
20150524 128 128 10 
20150525 125 125 10 
20150526 136 136 10 
20150527 129 128 10 
20150528 126 126 10 
20150529 125 125 10 
20150530 122 122 10 
20150531 119 116 10 
20150601 129 129 10 
20150602 135 135 10 
20150603 130 130 10 
20150604 135 135 10 
20150605 115 114 10 
20150606 63 63 10 
20150607 129 129 10 
20150608 108 108 10 
20150609 125 125 10 
20150610 126 125 10 
20150611 125 125 10 
20150612 128 128 10 
20150613 136 136 10 
20150614 133 133 10 
20150615 116 116 10 
20150616 130 130 10 
20150617 130 130 10 
20150618 128 128 10 
20150619 128 128 10 
20150620 135 135 10 
20150621 137 137 10 
20150622 136 136 10 
20150623 125 124 10 
20150624 127 126 10 
20150625 128 127 10 
20150626 31 31 10 
20150627 0 0 10 
20150628 14 14 10 
20150629 116 113 10 
20150630 117 117 10 
20150701 31 31 10 
20150702 121 120 10 
20150703 114 114 10 
20150704 95 95 10 
20150705 102 102 10 
20150706 114 114 10 
20150707 136 136 10 
20150708 124 124 10 
20150709 127 127 10 
20150710 138 138 10 
20150711 131 131 10 
20150712 127 127 10 
20150713 129 129 10 
20150714 130 130 10 
20150715 138 138 10 
20150716 137 137 10 
20150717 125 125 10 
20150718 135 135 10 
20150719 130 130 10 
20150720 127 127 10 
20150721 130 130 10 
20150722 134 132 10 
20150723 135 135 10 
20150724 120 120 10 
20150725 128 128 10 
20150726 131 131 10 
20150727 76 76 10 
20150728 123 123 10 
20150729 128 128 10 
20150730 129 129 10 
20150731 130 130 10 
20150801 129 129 10 
20150802 129 129 10 
20150803 129 129 10 
20150804 96 96 10 
20150805 74 74 10 
20150806 134 134 10 
20150807 128 128 10 
20150808 130 130 10 
20150809 111 111 10 
20150810 108 108 10 
20150811 129 129 10 
20150812 130 130 10 
20150813 92 92 10 
20150814 123 123 10 
20150815 126 126 10 
20150816 130 130 10 
20150817 130 130 10 
20150818 107 107 10 
20150819 120 120 10 
20150820 95 95 10 
20150821 118 118 10 
20150822 122 122 10 
20150823 129 129 10 
20150824 65 64 10 
20150825 129 129 10 
20150826 129 129 10 
20150827 127 127 10 
20150828 125 125 10 
20150829 126 126 10 
20150830 113 113 10 
20150831 137 137 10 
20150901 128 128 10 
20150902 113 113 10 
20150903 84 84 10 
20150904 129 129 10 
20150905 125 125 10 
20150906 123 123 10 
20150907 119 119 10 
20150908 125 125 10 
20150909 129 129 10 
20150910 126 126 10 
20150911 129 129 10 
20150912 127 127 10 
20150913 117 117 10 
20150914 126 126 10 
20150915 128 128 10 
20150916 126 126 10 
20150917 122 122 10 
20150918 124 124 10 
20150919 124 123 10 
20150920 127 127 10 
20150921 129 129 10 
20150922 127 126 10 
20150923 115 115 10 
20150924 124 124 10 
20150925 129 128 10 
20150926 125 125 10 
20150927 119 118 10 
20150928 108 104 10 
20150929 115 115 10 
20150930 120 119 10 
20151001 126 125 10 
20151002 122 122 10 
20151003 120 119 10 
20151004 121 121 10 
20151005 103 103 10 
20151006 117 117 10 
20151007 118 116 10 
20151008 120 118 10 
20151009 127 127 10 
20151010 118 117 10 
20151011 98 97 10 
20151012 119 118 10 
20151013 132 132 10 
20151014 127 127 10 
20151015 124 124 10 
20151016 121 121 10 
20151017 121 121 10 
20151018 128 128 10 
20151019 131 131 10 
20151020 12 12 10 
20151021 125 124 10 
20151022 126 126 10 
20151023 121 121 10 
20151024 126 126 10 
20151025 122 122 10 
20151026 130 129 10 
20151027 128 128 10 
20151028 128 128 10 
20151029 128 128 10 
20151030 128 128 10 
20151031 126 126 10 
20151101 128 128 10 
20151102 118 118 10 
20151103 106 106 10 
20151104 21 21 10 
20151105 119 119 10 
20151106 131 131 10 
20151107 125 124 10 
20151108 122 122 10 
20151109 105 105 10 
20151110 123 123 10 
20151111 131 131 10 
20151112 126 126 10 
20151113 128 128 10 
20151114 133 133 10 
20151115 120 119 10 
20151116 92 91 10 
20151117 0 0 10 
20151118 0 0 10 
20151119 0 0 10 
20151120 0 0 10 
20151121 0 0 10 
20151122 0 0 10 
20151123 0 0 10 
20151124 0 0 10 
20151125 0 0 10 
20151126 0 0 10 
20151127 0 0 10 
20151128 0 0 10 
20151129 0 0 10 
20151130 0 0 10 
20151201 102 102 10 
20151202 84 84 10 
20151203 87 87 10 
20151204 123 123 10 
20151205 127 127 10 
20151206 125 125 10 
20151207 48 47 10 
20151208 120 120 10 
20151209 129 128 10 
20151210 122 122 10 
20151211 130 130 10 
20151212 126 126 10 
20151213 109 109 10 
20151214 101 100 10 
20151215 8 8 10 
20151216 0 0 10 
20151217 0 0 10 
20151218 0 0 10 
20151219 0 0 10 
20151220 0 0 10 
20151221 115 115 10 
20151222 130 130 10 
20151223 133 132 10 
20151224 131 131 10 
20151225 127 127 10 
20151226 127 127 10 
20151227 133 133 10 
20151228 116 116 10 
20151229 124 124 10 
20151230 94 94 10 
20151231 0 0 10 
