20020101 0 10 
20020102 0 10 
20020103 0 10 
20020104 0 10 
20020105 0 10 
20020106 0 10 
20020107 0 10 
20020108 0 10 
20020109 0 10 
20020110 0 10 
20020111 0 10 
20020112 0 10 
20020113 0 10 
20020114 0 10 
20020115 0 10 
20020116 0 10 
20020117 0 10 
20020118 0 10 
20020119 0 10 
20020120 0 10 
20020121 0 10 
20020122 0 10 
20020123 0 10 
20020124 0 10 
20020125 0 10 
20020126 0 10 
20020127 0 10 
20020128 0 10 
20020129 0 10 
20020130 0 10 
20020131 0 10 
20020201 0 10 
20020202 0 10 
20020203 0 10 
20020204 0 10 
20020205 0 10 
20020206 0 10 
20020207 0 10 
20020208 0 10 
20020209 0 10 
20020210 0 10 
20020211 0 10 
20020212 0 10 
20020213 0 10 
20020214 0 10 
20020215 0 10 
20020216 0 10 
20020217 0 10 
20020218 0 10 
20020219 0 10 
20020220 0 10 
20020221 0 10 
20020222 0 10 
20020223 0 10 
20020224 0 10 
20020225 0 10 
20020226 0 10 
20020227 0 10 
20020228 0 10 
20020301 0 10 
20020302 0 10 
20020303 0 10 
20020304 0 10 
20020305 0 10 
20020306 0 10 
20020307 0 10 
20020308 0 10 
20020309 0 10 
20020310 0 10 
20020311 0 10 
20020312 0 10 
20020313 0 10 
20020314 0 10 
20020315 0 10 
20020316 0 10 
20020317 0 10 
20020318 0 10 
20020319 0 10 
20020320 0 10 
20020321 0 10 
20020322 0 10 
20020323 0 10 
20020324 0 10 
20020325 0 10 
20020326 0 10 
20020327 0 10 
20020328 0 10 
20020329 0 10 
20020330 0 10 
20020331 0 10 
20020401 0 10 
20020402 0 10 
20020403 0 10 
20020404 0 10 
20020405 0 10 
20020406 0 10 
20020407 0 10 
20020408 0 10 
20020409 0 10 
20020410 0 10 
20020411 0 10 
20020412 0 10 
20020413 0 10 
20020414 0 10 
20020415 0 10 
20020416 0 10 
20020417 0 10 
20020418 0 10 
20020419 0 10 
20020420 0 10 
20020421 0 10 
20020422 0 10 
20020423 0 10 
20020424 0 10 
20020425 0 10 
20020426 0 10 
20020427 0 10 
20020428 0 10 
20020429 0 10 
20020430 0 10 
20020501 0 10 
20020502 0 10 
20020503 0 10 
20020504 0 10 
20020505 0 10 
20020506 0 10 
20020507 0 10 
20020508 0 10 
20020509 0 10 
20020510 0 10 
20020511 0 10 
20020512 0 10 
20020513 0 10 
20020514 0 10 
20020515 0 10 
20020516 0 10 
20020517 0 10 
20020518 0 10 
20020519 0 10 
20020520 0 10 
20020521 0 10 
20020522 0 10 
20020523 0 10 
20020524 0 10 
20020525 0 10 
20020526 0 10 
20020527 0 10 
20020528 0 10 
20020529 0 10 
20020530 0 10 
20020531 0 10 
20020601 0 10 
20020602 0 10 
20020603 0 10 
20020604 0 10 
20020605 0 10 
20020606 0 10 
20020607 0 10 
20020608 0 10 
20020609 0 10 
20020610 0 10 
20020611 0 10 
20020612 0 10 
20020613 0 10 
20020614 0 10 
20020615 0 10 
20020616 0 10 
20020617 0 10 
20020618 0 10 
20020619 0 10 
20020620 0 10 
20020621 0 10 
20020622 0 10 
20020623 0 10 
20020624 0 10 
20020625 0 10 
20020626 0 10 
20020627 3 10 
20020628 34 10 
20020629 61 10 
20020630 79 10 
20020701 26 10 
20020702 0 10 
20020703 7 10 
20020704 0 10 
20020705 0 10 
20020706 0 10 
20020707 0 10 
20020708 0 10 
20020709 0 10 
20020710 0 10 
20020711 0 10 
20020712 0 10 
20020713 0 10 
20020714 0 10 
20020715 0 10 
20020716 0 10 
20020717 0 10 
20020718 1 10 
20020719 0 10 
20020720 0 10 
20020721 0 10 
20020722 0 10 
20020723 9 10 
20020724 0 10 
20020725 89 10 
20020726 106 10 
20020727 135 10 
20020728 135 10 
20020729 127 10 
20020730 0 10 
20020731 0 10 
20020801 91 10 
20020802 128 10 
20020803 134 10 
20020804 136 10 
20020805 88 10 
20020806 89 10 
20020807 136 10 
20020808 136 10 
20020809 14 10 
20020810 0 10 
20020811 123 10 
20020812 132 10 
20020813 133 10 
20020814 135 10 
20020815 134 10 
20020816 133 10 
20020817 133 10 
20020818 135 10 
20020819 135 10 
20020820 88 10 
20020821 15 10 
20020822 0 10 
20020823 1 10 
20020824 0 10 
20020825 1 10 
20020826 127 10 
20020827 135 10 
20020828 135 10 
20020829 135 10 
20020830 134 10 
20020831 135 10 
20020901 135 10 
20020902 131 10 
20020903 137 10 
20020904 132 10 
20020905 128 10 
20020906 131 10 
20020907 118 10 
20020908 136 10 
20020909 137 10 
20020910 134 10 
20020911 134 10 
20020912 135 10 
20020913 135 10 
20020914 135 10 
20020915 135 10 
20020916 138 10 
20020917 144 10 
20020918 144 10 
20020919 144 10 
20020920 144 10 
20020921 144 10 
20020922 144 10 
20020923 144 10 
20020924 144 10 
20020925 144 10 
20020926 144 10 
20020927 143 10 
20020928 142 10 
20020929 132 10 
20020930 144 10 
20021001 144 10 
20021002 143 10 
20021003 144 10 
20021004 143 10 
20021005 144 10 
20021006 144 10 
20021007 141 10 
20021008 144 10 
20021009 144 10 
20021010 144 10 
20021011 1 10 
20021012 95 10 
20021013 144 10 
20021014 143 10 
20021015 144 10 
20021016 128 10 
20021017 144 10 
20021018 144 10 
20021019 144 10 
20021020 144 10 
20021021 144 10 
20021022 144 10 
20021023 143 10 
20021024 144 10 
20021025 130 10 
20021026 35 10 
20021027 0 10 
20021028 131 10 
20021029 143 10 
20021030 144 10 
20021031 144 10 
20021101 144 10 
20021102 105 10 
20021103 144 10 
20021104 144 10 
20021105 144 10 
20021106 144 10 
20021107 144 10 
20021108 128 10 
20021109 136 10 
20021110 130 10 
20021111 144 10 
20021112 144 10 
20021113 144 10 
20021114 144 10 
20021115 144 10 
20021116 144 10 
20021117 143 10 
20021118 144 10 
20021119 144 10 
20021120 143 10 
20021121 143 10 
20021122 142 10 
20021123 144 10 
20021124 143 10 
20021125 144 10 
20021126 129 10 
20021127 141 10 
20021128 143 10 
20021129 136 10 
20021130 144 10 
20021201 108 10 
20021202 122 10 
20021203 142 10 
20021204 144 10 
20021205 143 10 
20021206 144 10 
20021207 144 10 
20021208 143 10 
20021209 0 10 
20021210 1 10 
20021211 144 10 
20021212 143 10 
20021213 144 10 
20021214 144 10 
20021215 144 10 
20021216 144 10 
20021217 144 10 
20021218 144 10 
20021219 49 10 
20021220 103 10 
20021221 28 10 
20021222 0 10 
20021223 1 10 
20021224 1 10 
20021225 144 10 
20021226 143 10 
20021227 60 10 
20021228 143 10 
20021229 63 10 
20021230 0 10 
20021231 74 10 
