15-Sep-2016 14:02:54 file filter skipping radar_archive/2015_201606/02/radar.IDR02.20150101.lz4 short filename
15-Sep-2016 14:02:54 file filter skipping radar_archive/2015_201606/02/radar.IDR02.20150102.lz4 short filename
15-Sep-2016 14:02:54 file filter skipping radar_archive/2015_201606/02/radar.IDR02.20150103.lz4 short filename
15-Sep-2016 14:02:54 file filter skipping radar_archive/2015_201606/02/radar.IDR02.20150104.lz4 short filename
15-Sep-2016 14:02:54 file filter skipping radar_archive/2015_201606/02/radar.IDR02.20150105.lz4 short filename
15-Sep-2016 14:02:54 file filter skipping radar_archive/2015_201606/02/radar.IDR02.20150106.lz4 short filename
15-Sep-2016 14:02:54 file filter skipping radar_archive/2015_201606/02/radar.IDR02.20150107.lz4 short filename
15-Sep-2016 14:02:54 file filter skipping radar_archive/2015_201606/02/radar.IDR02.20150108.lz4 short filename
15-Sep-2016 14:02:55 file filter skipping radar_archive/2015_201606/02/radar.IDR02.20150109.lz4 short filename
15-Sep-2016 14:02:55 file filter skipping radar_archive/2015_201606/02/radar.IDR02.20150110.lz4 short filename
15-Sep-2016 14:02:55 file filter skipping radar_archive/2015_201606/02/radar.IDR02.20150111.lz4 short filename
15-Sep-2016 14:02:55 file filter skipping radar_archive/2015_201606/02/radar.IDR02.20150112.lz4 short filename
15-Sep-2016 14:02:55 file filter skipping radar_archive/2015_201606/02/radar.IDR02.20150113.lz4 short filename
15-Sep-2016 14:02:55 file filter skipping radar_archive/2015_201606/02/radar.IDR02.20150114.lz4 short filename
15-Sep-2016 14:02:55 file filter skipping radar_archive/2015_201606/02/radar.IDR02.20150115.lz4 short filename
15-Sep-2016 14:02:55 file filter skipping radar_archive/2015_201606/02/radar.IDR02.20150116.lz4 short filename
15-Sep-2016 14:02:55 file filter skipping radar_archive/2015_201606/02/radar.IDR02.20150117.lz4 short filename
15-Sep-2016 14:02:55 file filter skipping radar_archive/2015_201606/02/radar.IDR02.20150118.lz4 short filename
15-Sep-2016 14:02:55 file filter skipping radar_archive/2015_201606/02/radar.IDR02.20150119.lz4 short filename
15-Sep-2016 14:02:56 file filter skipping radar_archive/2015_201606/02/radar.IDR02.20150120.lz4 short filename
15-Sep-2016 14:02:56 file filter skipping radar_archive/2015_201606/02/radar.IDR02.20150121.lz4 short filename
15-Sep-2016 14:02:56 file filter skipping radar_archive/2015_201606/02/radar.IDR02.20150122.lz4 short filename
15-Sep-2016 14:02:56 file filter skipping radar_archive/2015_201606/02/radar.IDR02.20150123.lz4 short filename
15-Sep-2016 14:02:56 file filter skipping radar_archive/2015_201606/02/radar.IDR02.20150124.lz4 short filename
15-Sep-2016 14:02:56 file filter skipping radar_archive/2015_201606/02/radar.IDR02.20150125.lz4 short filename
15-Sep-2016 14:02:56 file filter skipping radar_archive/2015_201606/02/radar.IDR02.20150126.lz4 short filename
15-Sep-2016 14:02:56 file filter skipping radar_archive/2015_201606/02/radar.IDR02.20150127.lz4 short filename
15-Sep-2016 14:02:56 file filter skipping radar_archive/2015_201606/02/radar.IDR02.20150128.lz4 short filename
15-Sep-2016 14:02:56 file filter skipping radar_archive/2015_201606/02/radar.IDR02.20150129.lz4 short filename
15-Sep-2016 14:02:56 file filter skipping radar_archive/2015_201606/02/radar.IDR02.20150130.lz4 short filename
15-Sep-2016 14:02:56 file filter skipping radar_archive/2015_201606/02/radar.IDR02.20150131.lz4 short filename
15-Sep-2016 14:02:56 file filter skipping radar_archive/2015_201606/02/radar.IDR02.20150201.lz4 short filename
15-Sep-2016 14:02:57 file filter skipping radar_archive/2015_201606/02/radar.IDR02.20150202.lz4 short filename
15-Sep-2016 14:02:57 file filter skipping radar_archive/2015_201606/02/radar.IDR02.20150203.lz4 short filename
15-Sep-2016 14:02:57 file filter skipping radar_archive/2015_201606/02/radar.IDR02.20150204.lz4 short filename
15-Sep-2016 14:02:57 file filter skipping radar_archive/2015_201606/02/radar.IDR02.20150205.lz4 short filename
15-Sep-2016 14:02:57 file filter skipping radar_archive/2015_201606/02/radar.IDR02.20150206.lz4 short filename
15-Sep-2016 14:04:46 VOL.lz4 check radar_archive/2015_201606/02/radar.IDR02.20150101.lz4 not lz4
15-Sep-2016 14:04:46 VOL.lz4 check radar_archive/2015_201606/02/radar.IDR02.20150102.lz4 not lz4
15-Sep-2016 14:04:46 VOL.lz4 check radar_archive/2015_201606/02/radar.IDR02.20150103.lz4 not lz4
15-Sep-2016 14:04:46 VOL.lz4 check radar_archive/2015_201606/02/radar.IDR02.20150104.lz4 not lz4
15-Sep-2016 14:04:46 VOL.lz4 check radar_archive/2015_201606/02/radar.IDR02.20150105.lz4 not lz4
15-Sep-2016 14:04:46 VOL.lz4 check radar_archive/2015_201606/02/radar.IDR02.20150106.lz4 not lz4
15-Sep-2016 14:04:46 VOL.lz4 check radar_archive/2015_201606/02/radar.IDR02.20150107.lz4 not lz4
15-Sep-2016 14:04:46 VOL.lz4 check radar_archive/2015_201606/02/radar.IDR02.20150108.lz4 not lz4
15-Sep-2016 14:04:47 VOL.lz4 check radar_archive/2015_201606/02/radar.IDR02.20150109.lz4 not lz4
15-Sep-2016 14:04:47 VOL.lz4 check radar_archive/2015_201606/02/radar.IDR02.20150110.lz4 not lz4
15-Sep-2016 14:04:47 VOL.lz4 check radar_archive/2015_201606/02/radar.IDR02.20150111.lz4 not lz4
15-Sep-2016 14:04:47 VOL.lz4 check radar_archive/2015_201606/02/radar.IDR02.20150112.lz4 not lz4
15-Sep-2016 14:04:47 VOL.lz4 check radar_archive/2015_201606/02/radar.IDR02.20150113.lz4 not lz4
15-Sep-2016 14:04:47 VOL.lz4 check radar_archive/2015_201606/02/radar.IDR02.20150114.lz4 not lz4
15-Sep-2016 14:04:47 VOL.lz4 check radar_archive/2015_201606/02/radar.IDR02.20150115.lz4 not lz4
15-Sep-2016 14:04:47 VOL.lz4 check radar_archive/2015_201606/02/radar.IDR02.20150116.lz4 not lz4
15-Sep-2016 14:04:47 VOL.lz4 check radar_archive/2015_201606/02/radar.IDR02.20150117.lz4 not lz4
15-Sep-2016 14:04:47 VOL.lz4 check radar_archive/2015_201606/02/radar.IDR02.20150118.lz4 not lz4
15-Sep-2016 14:04:47 VOL.lz4 check radar_archive/2015_201606/02/radar.IDR02.20150119.lz4 not lz4
15-Sep-2016 14:04:47 VOL.lz4 check radar_archive/2015_201606/02/radar.IDR02.20150120.lz4 not lz4
15-Sep-2016 14:04:47 VOL.lz4 check radar_archive/2015_201606/02/radar.IDR02.20150121.lz4 not lz4
15-Sep-2016 14:04:48 VOL.lz4 check radar_archive/2015_201606/02/radar.IDR02.20150122.lz4 not lz4
15-Sep-2016 14:04:48 VOL.lz4 check radar_archive/2015_201606/02/radar.IDR02.20150123.lz4 not lz4
15-Sep-2016 14:04:48 VOL.lz4 check radar_archive/2015_201606/02/radar.IDR02.20150124.lz4 not lz4
15-Sep-2016 14:04:48 VOL.lz4 check radar_archive/2015_201606/02/radar.IDR02.20150125.lz4 not lz4
15-Sep-2016 14:04:48 VOL.lz4 check radar_archive/2015_201606/02/radar.IDR02.20150126.lz4 not lz4
15-Sep-2016 14:04:48 VOL.lz4 check radar_archive/2015_201606/02/radar.IDR02.20150127.lz4 not lz4
15-Sep-2016 14:04:48 VOL.lz4 check radar_archive/2015_201606/02/radar.IDR02.20150128.lz4 not lz4
15-Sep-2016 14:04:48 VOL.lz4 check radar_archive/2015_201606/02/radar.IDR02.20150129.lz4 not lz4
15-Sep-2016 14:04:48 VOL.lz4 check radar_archive/2015_201606/02/radar.IDR02.20150130.lz4 not lz4
15-Sep-2016 14:04:48 VOL.lz4 check radar_archive/2015_201606/02/radar.IDR02.20150131.lz4 not lz4
15-Sep-2016 14:04:48 VOL.lz4 check radar_archive/2015_201606/02/radar.IDR02.20150201.lz4 not lz4
15-Sep-2016 14:10:40 CAPPI check /tmp//tmp/201501010000Melb.rapic is missing, skipping
15-Sep-2016 14:10:40 CAPPI check /tmp//tmp/201501010006Melb.rapic is missing, skipping
15-Sep-2016 14:10:40 CAPPI check /tmp//tmp/201501010012Melb.rapic is missing, skipping
15-Sep-2016 14:10:40 CAPPI check /tmp//tmp/201501010018Melb.rapic is missing, skipping
15-Sep-2016 14:10:40 CAPPI check /tmp//tmp/201501010024Melb.rapic is missing, skipping
15-Sep-2016 14:10:40 CAPPI check /tmp//tmp/201501010030Melb.rapic is missing, skipping
15-Sep-2016 14:10:40 CAPPI check /tmp//tmp/201501010036Melb.rapic is missing, skipping
15-Sep-2016 14:10:40 CAPPI check /tmp//tmp/201501010042Melb.rapic is missing, skipping
15-Sep-2016 14:10:40 CAPPI check /tmp//tmp/201501010048Melb.rapic is missing, skipping
15-Sep-2016 14:10:40 CAPPI check /tmp//tmp/201501010054Melb.rapic is missing, skipping
15-Sep-2016 14:10:40 CAPPI check /tmp//tmp/201501010100Melb.rapic is missing, skipping
15-Sep-2016 14:10:40 CAPPI check /tmp//tmp/201501010106Melb.rapic is missing, skipping
15-Sep-2016 14:10:40 CAPPI check /tmp//tmp/201501010112Melb.rapic is missing, skipping
15-Sep-2016 14:10:40 CAPPI check /tmp//tmp/201501010118Melb.rapic is missing, skipping
15-Sep-2016 14:10:40 CAPPI check /tmp//tmp/201501010124Melb.rapic is missing, skipping
15-Sep-2016 14:10:40 CAPPI check /tmp//tmp/201501010130Melb.rapic is missing, skipping
15-Sep-2016 14:10:40 CAPPI check /tmp//tmp/201501010136Melb.rapic is missing, skipping
15-Sep-2016 14:10:40 CAPPI check /tmp//tmp/201501010142Melb.rapic is missing, skipping
15-Sep-2016 14:10:40 CAPPI check /tmp//tmp/201501010148Melb.rapic is missing, skipping
15-Sep-2016 14:10:40 CAPPI check /tmp//tmp/201501010154Melb.rapic is missing, skipping
15-Sep-2016 14:10:40 CAPPI check /tmp//tmp/201501010200Melb.rapic is missing, skipping
15-Sep-2016 14:10:40 CAPPI check /tmp//tmp/201501010206Melb.rapic is missing, skipping
15-Sep-2016 14:10:40 CAPPI check /tmp//tmp/201501010212Melb.rapic is missing, skipping
15-Sep-2016 14:10:40 CAPPI check /tmp//tmp/201501010218Melb.rapic is missing, skipping
15-Sep-2016 14:10:40 CAPPI check /tmp//tmp/201501010224Melb.rapic is missing, skipping
15-Sep-2016 14:10:40 CAPPI check /tmp//tmp/201501010230Melb.rapic is missing, skipping
15-Sep-2016 14:10:40 CAPPI check /tmp//tmp/201501010236Melb.rapic is missing, skipping
15-Sep-2016 14:10:40 CAPPI check /tmp//tmp/201501010242Melb.rapic is missing, skipping
15-Sep-2016 14:10:40 CAPPI check /tmp//tmp/201501010248Melb.rapic is missing, skipping
15-Sep-2016 14:10:40 CAPPI check /tmp//tmp/201501010254Melb.rapic is missing, skipping
15-Sep-2016 14:10:40 CAPPI check /tmp//tmp/201501010300Melb.rapic is missing, skipping
15-Sep-2016 14:10:40 CAPPI check /tmp//tmp/201501010306Melb.rapic is missing, skipping
15-Sep-2016 14:10:40 CAPPI check /tmp//tmp/201501010312Melb.rapic is missing, skipping
15-Sep-2016 14:10:40 CAPPI check /tmp//tmp/201501010318Melb.rapic is missing, skipping
15-Sep-2016 14:10:40 CAPPI check /tmp//tmp/201501010324Melb.rapic is missing, skipping
15-Sep-2016 14:10:40 CAPPI check /tmp//tmp/201501010330Melb.rapic is missing, skipping
15-Sep-2016 14:10:40 CAPPI check /tmp//tmp/201501010336Melb.rapic is missing, skipping
15-Sep-2016 14:10:40 CAPPI check /tmp//tmp/201501010342Melb.rapic is missing, skipping
15-Sep-2016 14:10:40 CAPPI check /tmp//tmp/201501010348Melb.rapic is missing, skipping
15-Sep-2016 14:10:40 CAPPI check /tmp//tmp/201501010354Melb.rapic is missing, skipping
15-Sep-2016 14:10:40 CAPPI check /tmp//tmp/201501010400Melb.rapic is missing, skipping
15-Sep-2016 14:10:40 CAPPI check /tmp//tmp/201501010406Melb.rapic is missing, skipping
15-Sep-2016 14:10:40 CAPPI check /tmp//tmp/201501010412Melb.rapic is missing, skipping
15-Sep-2016 14:10:40 CAPPI check /tmp//tmp/201501010418Melb.rapic is missing, skipping
15-Sep-2016 14:10:40 CAPPI check /tmp//tmp/201501010424Melb.rapic is missing, skipping
15-Sep-2016 14:10:40 CAPPI check /tmp//tmp/201501010430Melb.rapic is missing, skipping
15-Sep-2016 14:10:40 CAPPI check /tmp//tmp/201501010436Melb.rapic is missing, skipping
15-Sep-2016 14:10:40 CAPPI check /tmp//tmp/201501010442Melb.rapic is missing, skipping
15-Sep-2016 14:10:40 CAPPI check /tmp//tmp/201501010448Melb.rapic is missing, skipping
15-Sep-2016 14:10:40 CAPPI check /tmp//tmp/201501010454Melb.rapic is missing, skipping
15-Sep-2016 14:10:40 CAPPI check /tmp//tmp/201501010500Melb.rapic is missing, skipping
15-Sep-2016 14:10:40 CAPPI check /tmp//tmp/201501010506Melb.rapic is missing, skipping
15-Sep-2016 14:10:40 CAPPI check /tmp//tmp/201501010512Melb.rapic is missing, skipping
15-Sep-2016 14:10:40 CAPPI check /tmp//tmp/201501010518Melb.rapic is missing, skipping
15-Sep-2016 14:10:40 CAPPI check /tmp//tmp/201501010524Melb.rapic is missing, skipping
15-Sep-2016 14:10:40 CAPPI check /tmp//tmp/201501010530Melb.rapic is missing, skipping
15-Sep-2016 14:10:40 CAPPI check /tmp//tmp/201501010536Melb.rapic is missing, skipping
15-Sep-2016 14:10:40 CAPPI check /tmp//tmp/201501010542Melb.rapic is missing, skipping
15-Sep-2016 14:10:40 CAPPI check /tmp//tmp/201501010548Melb.rapic is missing, skipping
15-Sep-2016 14:10:40 CAPPI check /tmp//tmp/201501010554Melb.rapic is missing, skipping
15-Sep-2016 14:10:40 CAPPI check /tmp//tmp/201501010600Melb.rapic is missing, skipping
15-Sep-2016 14:10:40 CAPPI check /tmp//tmp/201501010606Melb.rapic is missing, skipping
15-Sep-2016 14:10:40 CAPPI check /tmp//tmp/201501010612Melb.rapic is missing, skipping
15-Sep-2016 14:10:40 CAPPI check /tmp//tmp/201501010618Melb.rapic is missing, skipping
15-Sep-2016 14:10:40 CAPPI check /tmp//tmp/201501010624Melb.rapic is missing, skipping
15-Sep-2016 14:10:40 CAPPI check /tmp//tmp/201501010630Melb.rapic is missing, skipping
15-Sep-2016 14:10:40 CAPPI check /tmp//tmp/201501010636Melb.rapic is missing, skipping
15-Sep-2016 14:10:40 CAPPI check /tmp//tmp/201501010642Melb.rapic is missing, skipping
15-Sep-2016 14:10:40 CAPPI check /tmp//tmp/201501010648Melb.rapic is missing, skipping
15-Sep-2016 14:10:40 CAPPI check /tmp//tmp/201501010654Melb.rapic is missing, skipping
15-Sep-2016 14:10:40 CAPPI check /tmp//tmp/201501010700Melb.rapic is missing, skipping
15-Sep-2016 14:10:40 CAPPI check /tmp//tmp/201501010706Melb.rapic is missing, skipping
15-Sep-2016 14:10:40 CAPPI check /tmp//tmp/201501010712Melb.rapic is missing, skipping
15-Sep-2016 14:10:40 CAPPI check /tmp//tmp/201501010718Melb.rapic is missing, skipping
15-Sep-2016 14:10:40 CAPPI check /tmp//tmp/201501010724Melb.rapic is missing, skipping
15-Sep-2016 14:10:40 CAPPI check /tmp//tmp/201501010730Melb.rapic is missing, skipping
15-Sep-2016 14:10:40 CAPPI check /tmp//tmp/201501010736Melb.rapic is missing, skipping
15-Sep-2016 14:10:40 CAPPI check /tmp//tmp/201501010742Melb.rapic is missing, skipping
15-Sep-2016 14:10:40 CAPPI check /tmp//tmp/201501010748Melb.rapic is missing, skipping
15-Sep-2016 14:10:40 CAPPI check /tmp//tmp/201501010754Melb.rapic is missing, skipping
15-Sep-2016 14:10:40 CAPPI check /tmp//tmp/201501010800Melb.rapic is missing, skipping
15-Sep-2016 14:10:41 CAPPI check /tmp//tmp/201501010806Melb.rapic is missing, skipping
15-Sep-2016 14:10:41 CAPPI check /tmp//tmp/201501010812Melb.rapic is missing, skipping
15-Sep-2016 14:10:41 CAPPI check /tmp//tmp/201501010818Melb.rapic is missing, skipping
15-Sep-2016 14:10:41 CAPPI check /tmp//tmp/201501010824Melb.rapic is missing, skipping
15-Sep-2016 14:10:41 CAPPI check /tmp//tmp/201501010830Melb.rapic is missing, skipping
15-Sep-2016 14:10:41 CAPPI check /tmp//tmp/201501010836Melb.rapic is missing, skipping
15-Sep-2016 14:10:41 CAPPI check /tmp//tmp/201501010842Melb.rapic is missing, skipping
15-Sep-2016 14:10:41 CAPPI check /tmp//tmp/201501010848Melb.rapic is missing, skipping
15-Sep-2016 14:10:41 CAPPI check /tmp//tmp/201501010854Melb.rapic is missing, skipping
15-Sep-2016 14:10:41 CAPPI check /tmp//tmp/201501010900Melb.rapic is missing, skipping
15-Sep-2016 14:10:41 CAPPI check /tmp//tmp/201501010906Melb.rapic is missing, skipping
15-Sep-2016 14:10:41 CAPPI check /tmp//tmp/201501010912Melb.rapic is missing, skipping
15-Sep-2016 14:10:41 CAPPI check /tmp//tmp/201501010918Melb.rapic is missing, skipping
15-Sep-2016 14:10:41 CAPPI check /tmp//tmp/201501010924Melb.rapic is missing, skipping
15-Sep-2016 14:10:41 CAPPI check /tmp//tmp/201501010930Melb.rapic is missing, skipping
15-Sep-2016 14:10:41 CAPPI check /tmp//tmp/201501010936Melb.rapic is missing, skipping
15-Sep-2016 14:10:41 CAPPI check /tmp//tmp/201501010942Melb.rapic is missing, skipping
15-Sep-2016 14:10:41 CAPPI check /tmp//tmp/201501010948Melb.rapic is missing, skipping
15-Sep-2016 14:10:41 CAPPI check /tmp//tmp/201501010954Melb.rapic is missing, skipping
15-Sep-2016 14:10:41 CAPPI check /tmp//tmp/201501011000Melb.rapic is missing, skipping
15-Sep-2016 14:10:41 CAPPI check /tmp//tmp/201501011006Melb.rapic is missing, skipping
15-Sep-2016 14:10:41 CAPPI check /tmp//tmp/201501011012Melb.rapic is missing, skipping
15-Sep-2016 14:10:41 CAPPI check /tmp//tmp/201501011018Melb.rapic is missing, skipping
15-Sep-2016 14:10:41 CAPPI check /tmp//tmp/201501011024Melb.rapic is missing, skipping
15-Sep-2016 14:10:41 CAPPI check /tmp//tmp/201501011030Melb.rapic is missing, skipping
15-Sep-2016 14:10:41 CAPPI check /tmp//tmp/201501011036Melb.rapic is missing, skipping
15-Sep-2016 14:10:41 CAPPI check /tmp//tmp/201501011042Melb.rapic is missing, skipping
15-Sep-2016 14:10:41 CAPPI check /tmp//tmp/201501011048Melb.rapic is missing, skipping
15-Sep-2016 14:10:41 CAPPI check /tmp//tmp/201501011054Melb.rapic is missing, skipping
15-Sep-2016 14:10:41 CAPPI check /tmp//tmp/201501011100Melb.rapic is missing, skipping
15-Sep-2016 14:10:41 CAPPI check /tmp//tmp/201501011106Melb.rapic is missing, skipping
15-Sep-2016 14:10:41 CAPPI check /tmp//tmp/201501011112Melb.rapic is missing, skipping
15-Sep-2016 14:10:41 CAPPI check /tmp//tmp/201501011118Melb.rapic is missing, skipping
15-Sep-2016 14:10:41 CAPPI check /tmp//tmp/201501011124Melb.rapic is missing, skipping
15-Sep-2016 14:10:41 CAPPI check /tmp//tmp/201501011130Melb.rapic is missing, skipping
15-Sep-2016 14:10:41 CAPPI check /tmp//tmp/201501011136Melb.rapic is missing, skipping
15-Sep-2016 14:10:41 CAPPI check /tmp//tmp/201501011142Melb.rapic is missing, skipping
15-Sep-2016 14:10:41 CAPPI check /tmp//tmp/201501011148Melb.rapic is missing, skipping
15-Sep-2016 14:10:41 CAPPI check /tmp//tmp/201501011154Melb.rapic is missing, skipping
15-Sep-2016 14:10:41 CAPPI check /tmp//tmp/201501011200Melb.rapic is missing, skipping
15-Sep-2016 14:10:41 CAPPI check /tmp//tmp/201501011206Melb.rapic is missing, skipping
15-Sep-2016 14:10:41 CAPPI check /tmp//tmp/201501011212Melb.rapic is missing, skipping
15-Sep-2016 14:10:41 CAPPI check /tmp//tmp/201501011218Melb.rapic is missing, skipping
15-Sep-2016 14:10:41 CAPPI check /tmp//tmp/201501011224Melb.rapic is missing, skipping
15-Sep-2016 14:10:41 CAPPI check /tmp//tmp/201501011230Melb.rapic is missing, skipping
15-Sep-2016 14:10:41 CAPPI check /tmp//tmp/201501011236Melb.rapic is missing, skipping
15-Sep-2016 14:10:41 CAPPI check /tmp//tmp/201501011242Melb.rapic is missing, skipping
15-Sep-2016 14:10:41 CAPPI check /tmp//tmp/201501011248Melb.rapic is missing, skipping
15-Sep-2016 14:10:41 CAPPI check /tmp//tmp/201501011254Melb.rapic is missing, skipping
15-Sep-2016 14:10:41 CAPPI check /tmp//tmp/201501011300Melb.rapic is missing, skipping
15-Sep-2016 14:10:41 CAPPI check /tmp//tmp/201501011306Melb.rapic is missing, skipping
15-Sep-2016 14:10:41 CAPPI check /tmp//tmp/201501011312Melb.rapic is missing, skipping
15-Sep-2016 14:10:41 CAPPI check /tmp//tmp/201501011318Melb.rapic is missing, skipping
15-Sep-2016 14:10:41 CAPPI check /tmp//tmp/201501011324Melb.rapic is missing, skipping
15-Sep-2016 14:10:41 CAPPI check /tmp//tmp/201501011330Melb.rapic is missing, skipping
15-Sep-2016 14:10:41 CAPPI check /tmp//tmp/201501011336Melb.rapic is missing, skipping
15-Sep-2016 14:10:41 CAPPI check /tmp//tmp/201501011342Melb.rapic is missing, skipping
15-Sep-2016 14:10:41 CAPPI check /tmp//tmp/201501011348Melb.rapic is missing, skipping
15-Sep-2016 14:10:41 CAPPI check /tmp//tmp/201501011354Melb.rapic is missing, skipping
15-Sep-2016 14:10:41 CAPPI check /tmp//tmp/201501011400Melb.rapic is missing, skipping
15-Sep-2016 14:10:41 CAPPI check /tmp//tmp/201501011406Melb.rapic is missing, skipping
15-Sep-2016 14:10:41 CAPPI check /tmp//tmp/201501011412Melb.rapic is missing, skipping
15-Sep-2016 14:10:41 CAPPI check /tmp//tmp/201501011418Melb.rapic is missing, skipping
15-Sep-2016 14:10:41 CAPPI check /tmp//tmp/201501011424Melb.rapic is missing, skipping
15-Sep-2016 14:10:41 CAPPI check /tmp//tmp/201501011430Melb.rapic is missing, skipping
15-Sep-2016 14:10:41 CAPPI check /tmp//tmp/201501011436Melb.rapic is missing, skipping
15-Sep-2016 14:10:41 CAPPI check /tmp//tmp/201501011442Melb.rapic is missing, skipping
15-Sep-2016 14:10:41 CAPPI check /tmp//tmp/201501011448Melb.rapic is missing, skipping
15-Sep-2016 14:10:41 CAPPI check /tmp//tmp/201501011454Melb.rapic is missing, skipping
15-Sep-2016 14:10:41 CAPPI check /tmp//tmp/201501011500Melb.rapic is missing, skipping
15-Sep-2016 14:10:41 CAPPI check /tmp//tmp/201501011506Melb.rapic is missing, skipping
15-Sep-2016 14:10:41 CAPPI check /tmp//tmp/201501011512Melb.rapic is missing, skipping
15-Sep-2016 14:10:41 CAPPI check /tmp//tmp/201501011518Melb.rapic is missing, skipping
15-Sep-2016 14:10:41 CAPPI check /tmp//tmp/201501011524Melb.rapic is missing, skipping
15-Sep-2016 14:10:41 CAPPI check /tmp//tmp/201501011530Melb.rapic is missing, skipping
15-Sep-2016 14:10:41 CAPPI check /tmp//tmp/201501011536Melb.rapic is missing, skipping
15-Sep-2016 14:10:41 CAPPI check /tmp//tmp/201501011542Melb.rapic is missing, skipping
15-Sep-2016 14:10:41 CAPPI check /tmp//tmp/201501011548Melb.rapic is missing, skipping
15-Sep-2016 14:10:41 CAPPI check /tmp//tmp/201501011554Melb.rapic is missing, skipping
15-Sep-2016 14:10:41 CAPPI check /tmp//tmp/201501011600Melb.rapic is missing, skipping
15-Sep-2016 14:10:41 CAPPI check /tmp//tmp/201501011606Melb.rapic is missing, skipping
15-Sep-2016 14:10:41 CAPPI check /tmp//tmp/201501011612Melb.rapic is missing, skipping
15-Sep-2016 14:10:41 CAPPI check /tmp//tmp/201501011618Melb.rapic is missing, skipping
15-Sep-2016 14:10:41 CAPPI check /tmp//tmp/201501011624Melb.rapic is missing, skipping
15-Sep-2016 14:10:41 CAPPI check /tmp//tmp/201501011630Melb.rapic is missing, skipping
15-Sep-2016 14:10:41 CAPPI check /tmp//tmp/201501011636Melb.rapic is missing, skipping
15-Sep-2016 14:10:41 CAPPI check /tmp//tmp/201501011642Melb.rapic is missing, skipping
15-Sep-2016 14:10:41 CAPPI check /tmp//tmp/201501011648Melb.rapic is missing, skipping
15-Sep-2016 14:10:41 CAPPI check /tmp//tmp/201501011654Melb.rapic is missing, skipping
15-Sep-2016 14:10:41 CAPPI check /tmp//tmp/201501011700Melb.rapic is missing, skipping
15-Sep-2016 14:10:41 CAPPI check /tmp//tmp/201501011706Melb.rapic is missing, skipping
15-Sep-2016 14:10:41 CAPPI check /tmp//tmp/201501011712Melb.rapic is missing, skipping
15-Sep-2016 14:10:41 CAPPI check /tmp//tmp/201501011718Melb.rapic is missing, skipping
15-Sep-2016 14:10:41 CAPPI check /tmp//tmp/201501011724Melb.rapic is missing, skipping
15-Sep-2016 14:10:41 CAPPI check /tmp//tmp/201501011730Melb.rapic is missing, skipping
15-Sep-2016 14:10:41 CAPPI check /tmp//tmp/201501011736Melb.rapic is missing, skipping
15-Sep-2016 14:10:41 CAPPI check /tmp//tmp/201501011742Melb.rapic is missing, skipping
15-Sep-2016 14:10:41 CAPPI check /tmp//tmp/201501011748Melb.rapic is missing, skipping
15-Sep-2016 14:10:41 CAPPI check /tmp//tmp/201501011754Melb.rapic is missing, skipping
15-Sep-2016 14:10:41 CAPPI check /tmp//tmp/201501011800Melb.rapic is missing, skipping
15-Sep-2016 14:10:41 CAPPI check /tmp//tmp/201501011806Melb.rapic is missing, skipping
15-Sep-2016 14:10:41 CAPPI check /tmp//tmp/201501011812Melb.rapic is missing, skipping
15-Sep-2016 14:10:41 CAPPI check /tmp//tmp/201501011818Melb.rapic is missing, skipping
15-Sep-2016 14:10:41 CAPPI check /tmp//tmp/201501011824Melb.rapic is missing, skipping
15-Sep-2016 14:10:41 CAPPI check /tmp//tmp/201501011830Melb.rapic is missing, skipping
15-Sep-2016 14:10:41 CAPPI check /tmp//tmp/201501011836Melb.rapic is missing, skipping
15-Sep-2016 14:10:41 CAPPI check /tmp//tmp/201501011842Melb.rapic is missing, skipping
15-Sep-2016 14:10:41 CAPPI check /tmp//tmp/201501011848Melb.rapic is missing, skipping
15-Sep-2016 14:10:41 CAPPI check /tmp//tmp/201501011854Melb.rapic is missing, skipping
15-Sep-2016 14:10:41 CAPPI check /tmp//tmp/201501011900Melb.rapic is missing, skipping
15-Sep-2016 14:10:41 CAPPI check /tmp//tmp/201501011906Melb.rapic is missing, skipping
15-Sep-2016 14:10:41 CAPPI check /tmp//tmp/201501011912Melb.rapic is missing, skipping
15-Sep-2016 14:10:41 CAPPI check /tmp//tmp/201501011918Melb.rapic is missing, skipping
15-Sep-2016 14:10:41 CAPPI check /tmp//tmp/201501011924Melb.rapic is missing, skipping
15-Sep-2016 14:10:41 CAPPI check /tmp//tmp/201501011930Melb.rapic is missing, skipping
15-Sep-2016 14:10:41 CAPPI check /tmp//tmp/201501011936Melb.rapic is missing, skipping
15-Sep-2016 14:10:41 CAPPI check /tmp//tmp/201501011942Melb.rapic is missing, skipping
15-Sep-2016 14:10:41 CAPPI check /tmp//tmp/201501011948Melb.rapic is missing, skipping
15-Sep-2016 14:10:41 CAPPI check /tmp//tmp/201501011954Melb.rapic is missing, skipping
15-Sep-2016 14:10:41 CAPPI check /tmp//tmp/201501012000Melb.rapic is missing, skipping
15-Sep-2016 14:10:41 CAPPI check /tmp//tmp/201501012006Melb.rapic is missing, skipping
15-Sep-2016 14:10:41 CAPPI check /tmp//tmp/201501012012Melb.rapic is missing, skipping
15-Sep-2016 14:10:41 CAPPI check /tmp//tmp/201501012018Melb.rapic is missing, skipping
15-Sep-2016 14:10:41 CAPPI check /tmp//tmp/201501012024Melb.rapic is missing, skipping
15-Sep-2016 14:10:41 CAPPI check /tmp//tmp/201501012030Melb.rapic is missing, skipping
15-Sep-2016 14:10:41 CAPPI check /tmp//tmp/201501012036Melb.rapic is missing, skipping
15-Sep-2016 14:10:41 CAPPI check /tmp//tmp/201501012042Melb.rapic is missing, skipping
15-Sep-2016 14:10:41 CAPPI check /tmp//tmp/201501012048Melb.rapic is missing, skipping
15-Sep-2016 14:10:41 CAPPI check /tmp//tmp/201501012054Melb.rapic is missing, skipping
15-Sep-2016 14:10:41 CAPPI check /tmp//tmp/201501012100Melb.rapic is missing, skipping
15-Sep-2016 14:10:41 CAPPI check /tmp//tmp/201501012106Melb.rapic is missing, skipping
15-Sep-2016 14:10:41 CAPPI check /tmp//tmp/201501012112Melb.rapic is missing, skipping
15-Sep-2016 14:10:41 CAPPI check /tmp//tmp/201501012118Melb.rapic is missing, skipping
15-Sep-2016 14:10:41 CAPPI check /tmp//tmp/201501012124Melb.rapic is missing, skipping
15-Sep-2016 14:10:41 CAPPI check /tmp//tmp/201501012130Melb.rapic is missing, skipping
15-Sep-2016 14:10:41 CAPPI check /tmp//tmp/201501012136Melb.rapic is missing, skipping
15-Sep-2016 14:10:41 CAPPI check /tmp//tmp/201501012142Melb.rapic is missing, skipping
15-Sep-2016 14:10:41 CAPPI check /tmp//tmp/201501012148Melb.rapic is missing, skipping
15-Sep-2016 14:10:41 CAPPI check /tmp//tmp/201501012154Melb.rapic is missing, skipping
15-Sep-2016 14:10:41 CAPPI check /tmp//tmp/201501012200Melb.rapic is missing, skipping
15-Sep-2016 14:10:41 CAPPI check /tmp//tmp/201501012206Melb.rapic is missing, skipping
15-Sep-2016 14:10:41 CAPPI check /tmp//tmp/201501012212Melb.rapic is missing, skipping
15-Sep-2016 14:10:41 CAPPI check /tmp//tmp/201501012218Melb.rapic is missing, skipping
15-Sep-2016 14:10:41 CAPPI check /tmp//tmp/201501012224Melb.rapic is missing, skipping
15-Sep-2016 14:10:41 CAPPI check /tmp//tmp/201501012230Melb.rapic is missing, skipping
15-Sep-2016 14:10:41 CAPPI check /tmp//tmp/201501012236Melb.rapic is missing, skipping
15-Sep-2016 14:10:41 CAPPI check /tmp//tmp/201501012242Melb.rapic is missing, skipping
15-Sep-2016 14:10:41 CAPPI check /tmp//tmp/201501012248Melb.rapic is missing, skipping
15-Sep-2016 14:10:41 CAPPI check /tmp//tmp/201501012254Melb.rapic is missing, skipping
15-Sep-2016 14:10:41 CAPPI check /tmp//tmp/201501012300Melb.rapic is missing, skipping
15-Sep-2016 14:10:41 CAPPI check /tmp//tmp/201501012306Melb.rapic is missing, skipping
15-Sep-2016 14:10:41 CAPPI check /tmp//tmp/201501012312Melb.rapic is missing, skipping
15-Sep-2016 14:10:41 CAPPI check /tmp//tmp/201501012318Melb.rapic is missing, skipping
15-Sep-2016 14:10:41 CAPPI check /tmp//tmp/201501012324Melb.rapic is missing, skipping
15-Sep-2016 14:10:41 CAPPI check /tmp//tmp/201501012330Melb.rapic is missing, skipping
15-Sep-2016 14:10:41 CAPPI check /tmp//tmp/201501012336Melb.rapic is missing, skipping
15-Sep-2016 14:10:41 CAPPI check /tmp//tmp/201501012342Melb.rapic is missing, skipping
15-Sep-2016 14:10:41 CAPPI check /tmp//tmp/201501012348Melb.rapic is missing, skipping
15-Sep-2016 14:10:41 CAPPI check /tmp//tmp/201501012354Melb.rapic is missing, skipping
14-Oct-2016 18:09:31 CAPPI check /home/meso/Downloads/20090207/_file_list is a CAPPI, skipping
14-Oct-2016 18:09:31 CAPPI check /home/meso/Downloads/20090207/_file_list_time is a CAPPI, skipping
14-Oct-2016 18:13:33 CAPPI check /home/meso/Downloads/20090207/_file_list is a CAPPI, skipping
14-Oct-2016 18:13:33 CAPPI check /home/meso/Downloads/20090207/_file_list_time is a CAPPI, skipping
