20180101 139 139 10 1303 64 
20180102 132 132 10 1104 64 
20180103 138 138 10 1125 64 
20180104 139 139 10 636 64 
20180105 140 140 10 780 64 
20180106 141 141 10 872 64 
20180107 144 144 10 667 64 
20180108 124 124 10 480 64 
20180109 136 136 10 520 64 
20180110 142 142 10 626 64 
20180111 141 141 10 668 64 
20180112 139 138 10 2138 64 
20180113 136 136 10 778 64 
20180114 144 144 10 672 64 
20180115 143 143 10 598 64 
20180116 144 144 10 584 64 
20180117 137 137 10 668 64 
20180118 142 142 10 864 64 
20180119 140 140 10 941 64 
20180120 140 140 10 876 64 
20180121 134 134 10 444 64 
20180122 140 139 10 2159 64 
20180123 138 138 10 381 64 
20180124 132 132 10 512 64 
20180125 124 124 10 513 64 
20180126 141 141 10 479 64 
20180127 139 139 10 700 64 
20180128 136 136 10 693 64 
20180129 137 137 10 850 64 
20180130 138 138 10 791 64 
20180131 139 139 10 1226 64 
20180201 136 136 10 1505 64 
20180202 126 126 10 1873 64 
20180203 138 138 10 380 64 
20180204 140 140 10 615 64 
20180205 140 140 10 668 64 
20180206 139 139 10 633 64 
20180207 133 133 10 623 64 
20180208 140 140 10 612 64 
20180209 84 84 10 1031 64 
20180210 0 0 0 0 0 
20180211 0 0 0 0 0 
20180212 119 119 10 795 64 
20180213 136 136 10 1207 64 
20180214 138 138 10 713 64 
20180215 138 138 10 985 64 
20180216 35 35 10 3011 64 
20180217 0 0 0 0 0 
20180218 0 0 0 0 0 
20180219 0 0 0 0 0 
20180220 0 0 0 0 0 
20180221 0 0 0 0 0 
20180222 0 0 0 0 0 
20180223 0 0 0 0 0 
20180224 0 0 0 0 0 
20180225 0 0 0 0 0 
20180226 0 0 0 0 0 
20180227 0 0 0 0 0 
20180228 0 0 0 0 0 
20180301 0 0 0 0 0 
20180302 0 0 0 0 0 
20180303 0 0 0 0 0 
20180304 0 0 0 0 0 
20180305 0 0 0 0 0 
20180306 0 0 0 0 0 
20180307 0 0 0 0 0 
20180308 0 0 0 0 0 
20180309 0 0 0 0 0 
20180310 0 0 0 0 0 
20180311 0 0 0 0 0 
20180312 0 0 0 0 0 
20180313 0 0 0 0 0 
20180314 0 0 0 0 0 
20180315 0 0 0 0 0 
20180316 0 0 0 0 0 
20180317 0 0 0 0 0 
20180318 0 0 0 0 0 
20180319 0 0 0 0 0 
20180320 0 0 0 0 0 
20180321 0 0 0 0 0 
20180322 0 0 0 0 0 
20180323 0 0 0 0 0 
20180324 0 0 0 0 0 
20180325 0 0 0 0 0 
20180326 0 0 0 0 0 
20180327 0 0 0 0 0 
20180328 0 0 0 0 0 
20180329 0 0 0 0 0 
20180330 0 0 0 0 0 
20180331 0 0 0 0 0 
20180401 0 0 0 0 0 
20180402 0 0 0 0 0 
20180403 0 0 0 0 0 
20180404 0 0 0 0 0 
20180405 0 0 0 0 0 
20180406 0 0 0 0 0 
20180407 0 0 0 0 0 
20180408 0 0 0 0 0 
20180409 0 0 0 0 0 
20180410 0 0 0 0 0 
20180411 0 0 0 0 0 
20180412 0 0 0 0 0 
20180413 0 0 0 0 0 
20180414 0 0 0 0 0 
20180415 0 0 0 0 0 
20180416 0 0 0 0 0 
20180417 0 0 0 0 0 
20180418 0 0 0 0 0 
20180419 0 0 0 0 0 
20180420 0 0 0 0 0 
20180421 0 0 0 0 0 
20180422 0 0 0 0 0 
20180423 0 0 0 0 0 
20180424 0 0 0 0 0 
20180425 0 0 0 0 0 
20180426 0 0 0 0 0 
20180427 0 0 0 0 0 
20180428 0 0 0 0 0 
20180429 0 0 0 0 0 
20180430 0 0 0 0 0 
20180501 0 0 0 0 0 
20180502 0 0 0 0 0 
20180503 0 0 0 0 0 
20180504 0 0 0 0 0 
20180505 0 0 0 0 0 
20180506 0 0 0 0 0 
20180507 0 0 0 0 0 
20180508 0 0 0 0 0 
20180509 0 0 0 0 0 
20180510 0 0 0 0 0 
20180511 0 0 0 0 0 
20180512 0 0 0 0 0 
20180513 0 0 0 0 0 
20180514 0 0 0 0 0 
20180515 0 0 0 0 0 
20180516 0 0 0 0 0 
20180517 0 0 0 0 0 
20180518 0 0 0 0 0 
20180519 0 0 0 0 0 
20180520 0 0 0 0 0 
20180521 0 0 0 0 0 
20180522 0 0 0 0 0 
20180523 0 0 0 0 0 
20180524 0 0 0 0 0 
20180525 0 0 0 0 0 
20180526 0 0 0 0 0 
20180527 0 0 0 0 0 
20180528 0 0 0 0 0 
20180529 0 0 0 0 0 
20180530 0 0 0 0 0 
20180531 0 0 0 0 0 
20180601 0 0 0 0 0 
20180602 0 0 0 0 0 
20180603 0 0 0 0 0 
20180604 0 0 0 0 0 
20180605 0 0 0 0 0 
20180606 0 0 0 0 0 
20180607 0 0 0 0 0 
20180608 0 0 0 0 0 
20180609 0 0 0 0 0 
20180610 0 0 0 0 0 
20180611 0 0 0 0 0 
20180612 0 0 0 0 0 
20180613 0 0 0 0 0 
20180614 0 0 0 0 0 
20180615 0 0 0 0 0 
20180616 0 0 0 0 0 
20180617 0 0 0 0 0 
20180618 0 0 0 0 0 
20180619 0 0 0 0 0 
20180620 0 0 0 0 0 
20180621 0 0 0 0 0 
20180622 0 0 0 0 0 
20180623 0 0 0 0 0 
20180624 0 0 0 0 0 
20180625 0 0 0 0 0 
20180626 0 0 0 0 0 
20180627 0 0 0 0 0 
20180628 0 0 0 0 0 
20180629 0 0 0 0 0 
20180630 0 0 0 0 0 
20180701 0 0 0 0 0 
20180702 0 0 0 0 0 
20180703 0 0 0 0 0 
20180704 0 0 0 0 0 
20180705 0 0 0 0 0 
20180706 0 0 0 0 0 
20180707 0 0 0 0 0 
20180708 0 0 0 0 0 
20180709 0 0 0 0 0 
20180710 0 0 0 0 0 
20180711 0 0 0 0 0 
20180712 0 0 0 0 0 
20180713 0 0 0 0 0 
20180714 0 0 0 0 0 
20180715 0 0 0 0 0 
20180716 0 0 0 0 0 
20180717 0 0 0 0 0 
20180718 0 0 0 0 0 
20180719 0 0 0 0 0 
20180720 0 0 0 0 0 
20180721 0 0 0 0 0 
20180722 0 0 0 0 0 
20180723 0 0 0 0 0 
20180724 0 0 0 0 0 
20180725 0 0 0 0 0 
20180726 0 0 0 0 0 
20180727 0 0 0 0 0 
20180728 0 0 0 0 0 
20180729 0 0 0 0 0 
20180730 0 0 0 0 0 
20180731 0 0 0 0 0 
20180801 0 0 0 0 0 
20180802 0 0 0 0 0 
20180803 0 0 0 0 0 
20180804 0 0 0 0 0 
20180805 0 0 0 0 0 
20180806 0 0 0 0 0 
20180807 0 0 0 0 0 
20180808 0 0 0 0 0 
20180809 0 0 0 0 0 
20180810 0 0 0 0 0 
20180811 0 0 0 0 0 
20180812 0 0 0 0 0 
20180813 0 0 0 0 0 
20180814 0 0 0 0 0 
20180815 0 0 0 0 0 
20180816 0 0 0 0 0 
20180817 0 0 0 0 0 
20180818 0 0 0 0 0 
20180819 0 0 0 0 0 
20180820 0 0 0 0 0 
20180821 0 0 0 0 0 
20180822 0 0 0 0 0 
20180823 0 0 0 0 0 
20180824 0 0 0 0 0 
20180825 0 0 0 0 0 
20180826 0 0 0 0 0 
20180827 0 0 0 0 0 
20180828 0 0 0 0 0 
20180829 0 0 0 0 0 
20180830 0 0 0 0 0 
20180831 0 0 0 0 0 
20180901 0 0 0 0 0 
20180902 0 0 0 0 0 
20180903 0 0 0 0 0 
20180904 0 0 0 0 0 
20180905 0 0 0 0 0 
20180906 0 0 0 0 0 
20180907 0 0 0 0 0 
20180908 0 0 0 0 0 
20180909 0 0 0 0 0 
20180910 0 0 0 0 0 
20180911 0 0 0 0 0 
20180912 0 0 0 0 0 
20180913 0 0 0 0 0 
20180914 0 0 0 0 0 
20180915 0 0 0 0 0 
20180916 0 0 0 0 0 
20180917 0 0 0 0 0 
20180918 0 0 0 0 0 
20180919 0 0 0 0 0 
20180920 0 0 0 0 0 
20180921 0 0 0 0 0 
20180922 0 0 0 0 0 
20180923 0 0 0 0 0 
20180924 0 0 0 0 0 
20180925 0 0 0 0 0 
20180926 0 0 0 0 0 
20180927 0 0 0 0 0 
20180928 0 0 0 0 0 
20180929 0 0 0 0 0 
20180930 0 0 0 0 0 
20181001 0 0 0 0 0 
20181002 0 0 0 0 0 
20181003 0 0 0 0 0 
20181004 0 0 0 0 0 
20181005 0 0 0 0 0 
20181006 0 0 0 0 0 
20181007 0 0 0 0 0 
20181008 0 0 0 0 0 
20181009 0 0 0 0 0 
20181010 0 0 0 0 0 
20181011 0 0 0 0 0 
20181012 0 0 0 0 0 
20181013 0 0 0 0 0 
20181014 0 0 0 0 0 
20181015 0 0 0 0 0 
20181016 0 0 0 0 0 
20181017 0 0 0 0 0 
20181018 0 0 0 0 0 
20181019 0 0 0 0 0 
20181020 0 0 0 0 0 
20181021 0 0 0 0 0 
20181022 0 0 0 0 0 
20181023 0 0 0 0 0 
20181024 0 0 0 0 0 
20181025 0 0 0 0 0 
20181026 0 0 0 0 0 
20181027 0 0 0 0 0 
20181028 0 0 0 0 0 
20181029 0 0 0 0 0 
20181030 0 0 0 0 0 
20181031 0 0 0 0 0 
20181101 0 0 0 0 0 
20181102 0 0 0 0 0 
20181103 0 0 0 0 0 
20181104 0 0 0 0 0 
20181105 0 0 0 0 0 
20181106 0 0 0 0 0 
20181107 0 0 0 0 0 
20181108 0 0 0 0 0 
20181109 0 0 0 0 0 
20181110 0 0 0 0 0 
20181111 0 0 0 0 0 
20181112 0 0 0 0 0 
20181113 0 0 0 0 0 
20181114 0 0 0 0 0 
20181115 0 0 0 0 0 
20181116 0 0 0 0 0 
20181117 0 0 0 0 0 
20181118 0 0 0 0 0 
20181119 0 0 0 0 0 
20181120 0 0 0 0 0 
20181121 0 0 0 0 0 
20181122 0 0 0 0 0 
20181123 0 0 0 0 0 
20181124 0 0 0 0 0 
20181125 0 0 0 0 0 
20181126 0 0 0 0 0 
20181127 0 0 0 0 0 
20181128 0 0 0 0 0 
20181129 0 0 0 0 0 
20181130 0 0 0 0 0 
20181201 0 0 0 0 0 
20181202 0 0 0 0 0 
20181203 0 0 0 0 0 
20181204 0 0 0 0 0 
20181205 0 0 0 0 0 
20181206 0 0 0 0 0 
20181207 0 0 0 0 0 
20181208 0 0 0 0 0 
20181209 0 0 0 0 0 
20181210 0 0 0 0 0 
20181211 0 0 0 0 0 
20181212 0 0 0 0 0 
20181213 0 0 0 0 0 
20181214 0 0 0 0 0 
20181215 0 0 0 0 0 
20181216 0 0 0 0 0 
20181217 0 0 0 0 0 
20181218 0 0 0 0 0 
20181219 0 0 0 0 0 
20181220 0 0 0 0 0 
20181221 0 0 0 0 0 
20181222 0 0 0 0 0 
20181223 0 0 0 0 0 
20181224 0 0 0 0 0 
20181225 0 0 0 0 0 
20181226 0 0 0 0 0 
20181227 0 0 0 0 0 
20181228 0 0 0 0 0 
20181229 0 0 0 0 0 
20181230 0 0 0 0 0 
20181231 0 0 0 0 0 
